#
# There is insufficient memory for the Java Runtime Environment to continue.
# Native memory allocation (malloc) failed to allocate 1152656 bytes for Chunk::new
# Possible reasons:
#   The system is out of physical RAM or swap space
#   The process is running with CompressedOops enabled, and the Java Heap may be blocking the growth of the native heap
# Possible solutions:
#   Reduce memory load on the system
#   Increase physical memory or swap space
#   Check if swap backing store is full
#   Decrease Java heap size (-Xmx/-Xms)
#   Decrease number of Java threads
#   Decrease Java thread stack sizes (-Xss)
#   Set larger code cache with -XX:ReservedCodeCacheSize=
#   JVM is running with Unscaled Compressed Oops mode in which the Java heap is
#     placed in the first 4GB address space. The Java Heap base address is the
#     maximum limit for the native heap growth. Please use -XX:HeapBaseMinAddress
#     to set the Java Heap base and to place the Java Heap above 4GB virtual address.
# This output file may be truncated or incomplete.
#
#  Out of Memory Error (./src/hotspot/share/memory/arena.cpp:197), pid=9992, tid=9308
#
# JRE version: OpenJDK Runtime Environment (11.0.10) (build 11.0.10+0-b96-7249189)
# Java VM: OpenJDK 64-Bit Server VM (11.0.10+0-b96-7249189, mixed mode, tiered, compressed oops, g1 gc, windows-amd64)
# No core dump will be written. Minidumps are not enabled by default on client versions of Windows
#

---------------  S U M M A R Y ------------

Command Line: --add-opens=java.base/java.util=ALL-UNNAMED --add-opens=java.base/java.lang=ALL-UNNAMED --add-opens=java.base/java.lang.invoke=ALL-UNNAMED --add-opens=java.base/java.util=ALL-UNNAMED --add-opens=java.prefs/java.util.prefs=ALL-UNNAMED --add-opens=java.prefs/java.util.prefs=ALL-UNNAMED --add-opens=java.base/java.nio.charset=ALL-UNNAMED --add-opens=java.base/java.net=ALL-UNNAMED --add-opens=java.base/java.util.concurrent.atomic=ALL-UNNAMED -Xmx2048m -Dfile.encoding=UTF-8 -Duser.country=BR -Duser.language=pt -Duser.variant org.gradle.launcher.daemon.bootstrap.GradleDaemon 7.0.2

Host: Intel(R) Core(TM) i7-8550U CPU @ 1.80GHz, 8 cores, 15G,  Windows 10 , 64 bit Build 19041 (10.0.19041.1151)
Time: Sat Sep  4 16:02:10 2021 Hora oficial do Brasil elapsed time: 1021.959940 seconds (0d 0h 17m 1s)

---------------  T H R E A D  ---------------

Current thread (0x000001cf734bf800):  JavaThread "C2 CompilerThread2" daemon [_thread_in_native, id=9308, stack(0x0000001942300000,0x0000001942400000)]


Current CompileTask:
C2:1021960 18509   !   4       java.nio.file.FileTreeWalker::next (144 bytes)

Stack: [0x0000001942300000,0x0000001942400000]
Native frames: (J=compiled Java code, j=interpreted, Vv=VM code, C=native code)
V  [jvm.dll+0x5ecfaa]
V  [jvm.dll+0x722bd5]
V  [jvm.dll+0x72412d]
V  [jvm.dll+0x7247e3]
V  [jvm.dll+0x242928]
V  [jvm.dll+0xbc4fc]
V  [jvm.dll+0xbca0c]
V  [jvm.dll+0x352d3b]
V  [jvm.dll+0x197e0c]
V  [jvm.dll+0x1fb70e]
V  [jvm.dll+0x1fa7f4]
V  [jvm.dll+0x18354c]
V  [jvm.dll+0x208ee7]
V  [jvm.dll+0x207731]
V  [jvm.dll+0x6eb1cf]
V  [jvm.dll+0x6e3d45]
V  [jvm.dll+0x5ebe96]
C  [ucrtbase.dll+0x21bb2]
C  [KERNEL32.DLL+0x17034]
C  [ntdll.dll+0x52651]


---------------  P R O C E S S  ---------------

Threads class SMR info:
_java_thread_list=0x000001cf7b670710, length=75, elements={
0x000001cf5492d800, 0x000001cf6edce800, 0x000001cf6f608800, 0x000001cf6f663800,
0x000001cf6f664800, 0x000001cf6f667000, 0x000001cf6f668000, 0x000001cf6f66a000,
0x000001cf6f66b000, 0x000001cf6f7da000, 0x000001cf707f6000, 0x000001cf6f96e800,
0x000001cf6fb95800, 0x000001cf72023000, 0x000001cf72024000, 0x000001cf72025800,
0x000001cf72021800, 0x000001cf72020800, 0x000001cf734c0800, 0x000001cf734bf000,
0x000001cf734c1800, 0x000001cf734c2000, 0x000001cf734c6800, 0x000001cf732cd000,
0x000001cf732ca800, 0x000001cf732cc800, 0x000001cf732cb800, 0x000001cf732ce000,
0x000001cf732c8800, 0x000001cf77ec5800, 0x000001cf77ec7000, 0x000001cf77ec6800,
0x000001cf77ec2800, 0x000001cf77eca800, 0x000001cf72248800, 0x000001cf72241800,
0x000001cf72245800, 0x000001cf72243000, 0x000001cf72244000, 0x000001cf72244800,
0x000001cf72246800, 0x000001cf72248000, 0x000001cf72242000, 0x000001cf7224e800,
0x000001cf72249800, 0x000001cf72250000, 0x000001cf7224a800, 0x000001cf7224d000,
0x000001cf7224b000, 0x000001cf7224d800, 0x000001cf77ec1800, 0x000001cf77ebf000,
0x000001cf77ec0000, 0x000001cf77ec0800, 0x000001cf77ebe000, 0x000001cf77ec4000,
0x000001cf77ec4800, 0x000001cf77ec8000, 0x000001cf77ec9000, 0x000001cf77ec3000,
0x000001cf77ecd000, 0x000001cf77ec9800, 0x000001cf77ecb800, 0x000001cf77ecc000,
0x000001cf732c9000, 0x000001cf732ca000, 0x000001cf732d4800, 0x000001cf732d2000,
0x000001cf732d1800, 0x000001cf732d3000, 0x000001cf732d3800, 0x000001cf732d5800,
0x000001cf732d6000, 0x000001cf734bf800, 0x000001cf734c3000
}

Java Threads: ( => current thread )
  0x000001cf5492d800 JavaThread "main" [_thread_blocked, id=11232, stack(0x0000001940400000,0x0000001940500000)]
  0x000001cf6edce800 JavaThread "Reference Handler" daemon [_thread_blocked, id=14880, stack(0x0000001940b00000,0x0000001940c00000)]
  0x000001cf6f608800 JavaThread "Finalizer" daemon [_thread_blocked, id=7340, stack(0x0000001940c00000,0x0000001940d00000)]
  0x000001cf6f663800 JavaThread "Signal Dispatcher" daemon [_thread_blocked, id=13748, stack(0x0000001940d00000,0x0000001940e00000)]
  0x000001cf6f664800 JavaThread "Attach Listener" daemon [_thread_blocked, id=10264, stack(0x0000001940e00000,0x0000001940f00000)]
  0x000001cf6f667000 JavaThread "Service Thread" daemon [_thread_blocked, id=11684, stack(0x0000001940f00000,0x0000001941000000)]
  0x000001cf6f668000 JavaThread "C2 CompilerThread0" daemon [_thread_blocked, id=11144, stack(0x0000001941000000,0x0000001941100000)]
  0x000001cf6f66a000 JavaThread "C1 CompilerThread0" daemon [_thread_blocked, id=12832, stack(0x0000001941100000,0x0000001941200000)]
  0x000001cf6f66b000 JavaThread "Sweeper thread" daemon [_thread_blocked, id=14600, stack(0x0000001941200000,0x0000001941300000)]
  0x000001cf6f7da000 JavaThread "Common-Cleaner" daemon [_thread_blocked, id=12084, stack(0x0000001941300000,0x0000001941400000)]
  0x000001cf707f6000 JavaThread "Daemon health stats" [_thread_blocked, id=13260, stack(0x0000001941c00000,0x0000001941d00000)]
  0x000001cf6f96e800 JavaThread "Incoming local TCP Connector on port 58545" [_thread_in_native, id=14512, stack(0x0000001941500000,0x0000001941600000)]
  0x000001cf6fb95800 JavaThread "Daemon periodic checks" [_thread_blocked, id=12024, stack(0x0000001941600000,0x0000001941700000)]
  0x000001cf72023000 JavaThread "Cache worker for file hash cache (C:\Users\Vinicius Almeida\.gradle\caches\7.0.2\fileHashes)" [_thread_blocked, id=12348, stack(0x0000001942500000,0x0000001942600000)]
  0x000001cf72024000 JavaThread "File lock request listener" [_thread_in_native, id=12724, stack(0x0000001942600000,0x0000001942700000)]
  0x000001cf72025800 JavaThread "Cache worker for journal cache (C:\Users\Vinicius Almeida\.gradle\caches\journal-1)" [_thread_blocked, id=1584, stack(0x0000001942a00000,0x0000001942b00000)]
  0x000001cf72021800 JavaThread "File watcher server" daemon [_thread_in_native, id=9980, stack(0x0000001942c00000,0x0000001942d00000)]
  0x000001cf72020800 JavaThread "File watcher consumer" daemon [_thread_blocked, id=12608, stack(0x0000001942d00000,0x0000001942e00000)]
  0x000001cf734c0800 JavaThread "Cache worker for execution history cache (C:\Users\Vinicius Almeida\.gradle\caches\7.0.2\executionHistory)" [_thread_blocked, id=13772, stack(0x0000001943100000,0x0000001943200000)]
  0x000001cf734bf000 JavaThread "jar transforms" [_thread_blocked, id=12676, stack(0x0000001943300000,0x0000001943400000)]
  0x000001cf734c1800 JavaThread "jar transforms Thread 2" [_thread_blocked, id=13940, stack(0x0000001943400000,0x0000001943500000)]
  0x000001cf734c2000 JavaThread "Cache worker for file content cache (C:\Users\Vinicius Almeida\.gradle\caches\7.0.2\fileContent)" [_thread_blocked, id=6644, stack(0x0000001943500000,0x0000001943600000)]
  0x000001cf734c6800 JavaThread "jar transforms Thread 3" [_thread_blocked, id=4536, stack(0x0000001943700000,0x0000001943800000)]
  0x000001cf732cd000 JavaThread "jar transforms Thread 4" [_thread_blocked, id=1256, stack(0x0000001944100000,0x0000001944200000)]
  0x000001cf732ca800 JavaThread "jar transforms Thread 5" [_thread_blocked, id=12752, stack(0x0000001944200000,0x0000001944300000)]
  0x000001cf732cc800 JavaThread "jar transforms Thread 6" [_thread_blocked, id=8868, stack(0x0000001944300000,0x0000001944400000)]
  0x000001cf732cb800 JavaThread "jar transforms Thread 7" [_thread_blocked, id=12440, stack(0x0000001944400000,0x0000001944500000)]
  0x000001cf732ce000 JavaThread "jar transforms Thread 8" [_thread_blocked, id=12036, stack(0x0000001944500000,0x0000001944600000)]
  0x000001cf732c8800 JavaThread "Memory manager" [_thread_blocked, id=12952, stack(0x0000001944600000,0x0000001944700000)]
  0x000001cf77ec5800 JavaThread "RMI Scheduler(0)" daemon [_thread_blocked, id=6368, stack(0x0000001943200000,0x0000001943300000)]
  0x000001cf77ec7000 JavaThread "RMI GC Daemon" daemon [_thread_blocked, id=10292, stack(0x0000001945900000,0x0000001945a00000)]
  0x000001cf77ec6800 JavaThread "RMI TCP Accept-0" daemon [_thread_in_native, id=12216, stack(0x0000001945a00000,0x0000001945b00000)]
  0x000001cf77ec2800 JavaThread "RMI Reaper" [_thread_blocked, id=6140, stack(0x0000001945b00000,0x0000001945c00000)]
  0x000001cf77eca800 JavaThread "Cache worker for Java compile cache (C:\Users\Vinicius Almeida\.gradle\caches\7.0.2\javaCompile)" [_thread_blocked, id=2120, stack(0x0000001945e00000,0x0000001945f00000)]
  0x000001cf72248800 JavaThread "ForkJoinPool.commonPool-worker-15" daemon [_thread_blocked, id=9228, stack(0x0000001946900000,0x0000001946a00000)]
  0x000001cf72241800 JavaThread "Daemon Thread 2" [_thread_blocked, id=2456, stack(0x0000001940100000,0x0000001940200000)]
  0x000001cf72245800 JavaThread "Handler for socket connection from /127.0.0.1:58545 to /127.0.0.1:49191" [_thread_in_native, id=14016, stack(0x0000001940200000,0x0000001940300000)]
  0x000001cf72243000 JavaThread "Cancel handler" [_thread_blocked, id=3216, stack(0x0000001940300000,0x0000001940400000)]
  0x000001cf72244000 JavaThread "Daemon worker Thread 2" [_thread_blocked, id=2068, stack(0x0000001941d00000,0x0000001941e00000)]
  0x000001cf72244800 JavaThread "Asynchronous log dispatcher for DefaultDaemonConnection: socket connection from /127.0.0.1:58545 to /127.0.0.1:49191" [_thread_blocked, id=13532, stack(0x0000001941e00000,0x0000001941f00000)]
  0x000001cf72246800 JavaThread "Stdin handler" [_thread_blocked, id=7772, stack(0x0000001941f00000,0x0000001942000000)]
  0x000001cf72248000 JavaThread "Daemon client event forwarder" [_thread_blocked, id=8300, stack(0x0000001942000000,0x0000001942100000)]
  0x000001cf72242000 JavaThread "Cache worker for file hash cache (C:\Users\Vinicius Almeida\AndroidStudioProjects\MakeYourMeal\.gradle\7.0.2\fileHashes)" [_thread_blocked, id=2944, stack(0x0000001942100000,0x0000001942200000)]
  0x000001cf7224e800 JavaThread "Cache worker for checksums cache (C:\Users\Vinicius Almeida\AndroidStudioProjects\MakeYourMeal\.gradle\checksums)" [_thread_blocked, id=9676, stack(0x0000001942400000,0x0000001942500000)]
  0x000001cf72249800 JavaThread "Cache worker for cache directory md-supplier (C:\Users\Vinicius Almeida\.gradle\caches\7.0.2\md-supplier)" [_thread_blocked, id=12704, stack(0x0000001942b00000,0x0000001942c00000)]
  0x000001cf72250000 JavaThread "Cache worker for cache directory md-rule (C:\Users\Vinicius Almeida\.gradle\caches\7.0.2\md-rule)" [_thread_blocked, id=11304, stack(0x0000001942e00000,0x0000001942f00000)]
  0x000001cf7224a800 JavaThread "Cache worker for dependencies-accessors (C:\Users\Vinicius Almeida\AndroidStudioProjects\MakeYourMeal\.gradle\7.0.2\dependencies-accessors)" [_thread_blocked, id=9324, stack(0x0000001942f00000,0x0000001943000000)]
  0x000001cf7224d000 JavaThread "Cache worker for Build Output Cleanup Cache (C:\Users\Vinicius Almeida\AndroidStudioProjects\MakeYourMeal\.gradle\buildOutputCleanup)" [_thread_blocked, id=8072, stack(0x0000001943000000,0x0000001943100000)]
  0x000001cf7224b000 JavaThread "Build operations" [_thread_blocked, id=3152, stack(0x0000001943600000,0x0000001943700000)]
  0x000001cf7224d800 JavaThread "Build operations Thread 2" [_thread_blocked, id=14868, stack(0x0000001943800000,0x0000001943900000)]
  0x000001cf77ec1800 JavaThread "Build operations Thread 3" [_thread_blocked, id=14164, stack(0x0000001943900000,0x0000001943a00000)]
  0x000001cf77ebf000 JavaThread "Build operations Thread 4" [_thread_blocked, id=6592, stack(0x0000001943a00000,0x0000001943b00000)]
  0x000001cf77ec0000 JavaThread "Build operations Thread 5" [_thread_blocked, id=15016, stack(0x0000001943b00000,0x0000001943c00000)]
  0x000001cf77ec0800 JavaThread "Build operations Thread 6" [_thread_blocked, id=6668, stack(0x0000001943c00000,0x0000001943d00000)]
  0x000001cf77ebe000 JavaThread "Build operations Thread 7" [_thread_blocked, id=7964, stack(0x0000001943d00000,0x0000001943e00000)]
  0x000001cf77ec4000 JavaThread "Build operations Thread 8" [_thread_blocked, id=12160, stack(0x0000001943e00000,0x0000001943f00000)]
  0x000001cf77ec4800 JavaThread "build event listener" [_thread_blocked, id=5324, stack(0x0000001943f00000,0x0000001944000000)]
  0x000001cf77ec8000 JavaThread "Execution worker for ':'" [_thread_blocked, id=12300, stack(0x0000001944000000,0x0000001944100000)]
  0x000001cf77ec9000 JavaThread "Execution worker for ':' Thread 2" [_thread_blocked, id=2004, stack(0x0000001944700000,0x0000001944800000)]
  0x000001cf77ec3000 JavaThread "Execution worker for ':' Thread 3" [_thread_blocked, id=8748, stack(0x0000001944800000,0x0000001944900000)]
  0x000001cf77ecd000 JavaThread "Execution worker for ':' Thread 4" [_thread_blocked, id=11436, stack(0x0000001944900000,0x0000001944a00000)]
  0x000001cf77ec9800 JavaThread "Execution worker for ':' Thread 5" [_thread_blocked, id=14008, stack(0x0000001944a00000,0x0000001944b00000)]
  0x000001cf77ecb800 JavaThread "Execution worker for ':' Thread 6" [_thread_blocked, id=15168, stack(0x0000001944b00000,0x0000001944c00000)]
  0x000001cf77ecc000 JavaThread "Execution worker for ':' Thread 7" [_thread_in_native, id=10416, stack(0x0000001944c00000,0x0000001944d00000)]
  0x000001cf732c9000 JavaThread "Cache worker for execution history cache (C:\Users\Vinicius Almeida\AndroidStudioProjects\MakeYourMeal\.gradle\7.0.2\executionHistory)" [_thread_blocked, id=1128, stack(0x0000001944d00000,0x0000001944e00000)]
  0x000001cf732ca000 JavaThread "WorkerExecutor Queue" [_thread_blocked, id=4528, stack(0x0000001944f00000,0x0000001945000000)]
  0x000001cf732d4800 JavaThread "WorkerExecutor Queue Thread 2" [_thread_blocked, id=10080, stack(0x0000001945000000,0x0000001945100000)]
  0x000001cf732d2000 JavaThread "WorkerExecutor Queue Thread 3" [_thread_blocked, id=8716, stack(0x0000001945100000,0x0000001945200000)]
  0x000001cf732d1800 JavaThread "pool-7-thread-1" [_thread_blocked, id=7792, stack(0x0000001945200000,0x0000001945300000)]
  0x000001cf732d3000 JavaThread "stderr" [_thread_in_native, id=132, stack(0x0000001945300000,0x0000001945400000)]
  0x000001cf732d3800 JavaThread "stdout" [_thread_in_native, id=5488, stack(0x0000001945400000,0x0000001945500000)]
  0x000001cf732d5800 JavaThread "RMI TCP Connection(5)-127.0.0.1" daemon [_thread_in_native, id=1532, stack(0x0000001945600000,0x0000001945700000)]
  0x000001cf732d6000 JavaThread "C2 CompilerThread1" daemon [_thread_blocked, id=14912, stack(0x0000001942200000,0x0000001942300000)]
=>0x000001cf734bf800 JavaThread "C2 CompilerThread2" daemon [_thread_in_native, id=9308, stack(0x0000001942300000,0x0000001942400000)]
  0x000001cf734c3000 JavaThread "Cache worker for Java compile cache (C:\Users\Vinicius Almeida\AndroidStudioProjects\MakeYourMeal\.gradle\7.0.2\javaCompile)" [_thread_blocked, id=1168, stack(0x0000001945700000,0x0000001945800000)]

Other Threads:
  0x000001cf6edcb800 VMThread "VM Thread" [stack: 0x0000001940a00000,0x0000001940b00000] [id=8700]
  0x000001cf6f811000 WatcherThread [stack: 0x0000001941400000,0x0000001941500000] [id=13708]
  0x000001cf54945800 GCTaskThread "GC Thread#0" [stack: 0x0000001940500000,0x0000001940600000] [id=12012]
  0x000001cf7058a800 GCTaskThread "GC Thread#1" [stack: 0x0000001941700000,0x0000001941800000] [id=11116]
  0x000001cf7058b800 GCTaskThread "GC Thread#2" [stack: 0x0000001941800000,0x0000001941900000] [id=7796]
  0x000001cf6fbdf000 GCTaskThread "GC Thread#3" [stack: 0x0000001941900000,0x0000001941a00000] [id=2040]
  0x000001cf6fbdf800 GCTaskThread "GC Thread#4" [stack: 0x0000001941a00000,0x0000001941b00000] [id=1580]
  0x000001cf6ffcd800 GCTaskThread "GC Thread#5" [stack: 0x0000001941b00000,0x0000001941c00000] [id=14488]
  0x000001cf71fc9800 GCTaskThread "GC Thread#6" [stack: 0x0000001942700000,0x0000001942800000] [id=5784]
  0x000001cf71130800 GCTaskThread "GC Thread#7" [stack: 0x0000001942800000,0x0000001942900000] [id=10916]
  0x000001cf5497a000 ConcurrentGCThread "G1 Main Marker" [stack: 0x0000001940600000,0x0000001940700000] [id=7088]
  0x000001cf5497b000 ConcurrentGCThread "G1 Conc#0" [stack: 0x0000001940700000,0x0000001940800000] [id=268]
  0x000001cf7027c800 ConcurrentGCThread "G1 Conc#1" [stack: 0x0000001942900000,0x0000001942a00000] [id=3968]
  0x000001cf54a0e000 ConcurrentGCThread "G1 Refine#0" [stack: 0x0000001940800000,0x0000001940900000] [id=11372]
  0x000001cf72acf000 ConcurrentGCThread "G1 Refine#1" [stack: 0x0000001944e00000,0x0000001944f00000] [id=9040]
  0x000001cf6ec4c800 ConcurrentGCThread "G1 Young RemSet Sampling" [stack: 0x0000001940900000,0x0000001940a00000] [id=14312]

Threads with active compile tasks:
C2 CompilerThread21022006 18509   !   4       java.nio.file.FileTreeWalker::next (144 bytes)

VM state:not at safepoint (normal execution)

VM Mutex/Monitor currently owned by a thread: None

Heap address: 0x0000000080000000, size: 2048 MB, Compressed Oops mode: 32-bit
Narrow klass base: 0x0000000000000000, Narrow klass shift: 3
Compressed class space size: 1073741824 Address: 0x0000000100000000

Heap:
 garbage-first heap   total 262144K, used 136838K [0x0000000080000000, 0x0000000100000000)
  region size 1024K, 17 young (17408K), 7 survivors (7168K)
 Metaspace       used 121741K, capacity 124907K, committed 126028K, reserved 1159168K
  class space    used 15634K, capacity 16839K, committed 17228K, reserved 1048576K
Heap Regions: E=young(eden), S=young(survivor), O=old, HS=humongous(starts), HC=humongous(continues), CS=collection set, F=free, A=archive, TAMS=top-at-mark-start (previous, next)
|   0|0x0000000080000000, 0x0000000080100000, 0x0000000080100000|100%| O|  |TAMS 0x0000000080100000, 0x0000000080000000| Untracked 
|   1|0x0000000080100000, 0x0000000080200000, 0x0000000080200000|100%| O|  |TAMS 0x0000000080200000, 0x0000000080100000| Untracked 
|   2|0x0000000080200000, 0x0000000080300000, 0x0000000080300000|100%| O|  |TAMS 0x0000000080300000, 0x0000000080200000| Untracked 
|   3|0x0000000080300000, 0x0000000080400000, 0x0000000080400000|100%|HS|  |TAMS 0x0000000080400000, 0x0000000080300000| Complete 
|   4|0x0000000080400000, 0x0000000080500000, 0x0000000080500000|100%|HC|  |TAMS 0x0000000080500000, 0x0000000080400000| Complete 
|   5|0x0000000080500000, 0x0000000080600000, 0x0000000080600000|100%|HC|  |TAMS 0x0000000080600000, 0x0000000080500000| Complete 
|   6|0x0000000080600000, 0x0000000080700000, 0x0000000080700000|100%| O|  |TAMS 0x0000000080700000, 0x0000000080600000| Untracked 
|   7|0x0000000080700000, 0x0000000080800000, 0x0000000080800000|100%| O|  |TAMS 0x0000000080800000, 0x0000000080700000| Untracked 
|   8|0x0000000080800000, 0x0000000080900000, 0x0000000080900000|100%| O|  |TAMS 0x0000000080900000, 0x0000000080800000| Untracked 
|   9|0x0000000080900000, 0x00000000809ffff8, 0x0000000080a00000| 99%| O|  |TAMS 0x00000000809ffff8, 0x0000000080900000| Untracked 
|  10|0x0000000080a00000, 0x0000000080b00000, 0x0000000080b00000|100%| O|  |TAMS 0x0000000080b00000, 0x0000000080a00000| Untracked 
|  11|0x0000000080b00000, 0x0000000080c00000, 0x0000000080c00000|100%| O|  |TAMS 0x0000000080c00000, 0x0000000080b00000| Untracked 
|  12|0x0000000080c00000, 0x0000000080d00000, 0x0000000080d00000|100%| O|  |TAMS 0x0000000080d00000, 0x0000000080c00000| Complete 
|  13|0x0000000080d00000, 0x0000000080e00000, 0x0000000080e00000|100%| O|  |TAMS 0x0000000080e00000, 0x0000000080d00000| Untracked 
|  14|0x0000000080e00000, 0x0000000080f00000, 0x0000000080f00000|100%| O|  |TAMS 0x0000000080f00000, 0x0000000080e00000| Untracked 
|  15|0x0000000080f00000, 0x0000000081000000, 0x0000000081000000|100%| O|  |TAMS 0x0000000081000000, 0x0000000080f00000| Untracked 
|  16|0x0000000081000000, 0x0000000081100000, 0x0000000081100000|100%| O|  |TAMS 0x0000000081100000, 0x0000000081000000| Untracked 
|  17|0x0000000081100000, 0x0000000081200000, 0x0000000081200000|100%|HS|  |TAMS 0x0000000081200000, 0x0000000081100000| Complete 
|  18|0x0000000081200000, 0x0000000081300000, 0x0000000081300000|100%|HS|  |TAMS 0x0000000081300000, 0x0000000081200000| Complete 
|  19|0x0000000081300000, 0x0000000081400000, 0x0000000081400000|100%|HS|  |TAMS 0x0000000081400000, 0x0000000081300000| Complete 
|  20|0x0000000081400000, 0x0000000081500000, 0x0000000081500000|100%|HS|  |TAMS 0x0000000081500000, 0x0000000081400000| Complete 
|  21|0x0000000081500000, 0x0000000081600000, 0x0000000081600000|100%|HC|  |TAMS 0x0000000081600000, 0x0000000081500000| Complete 
|  22|0x0000000081600000, 0x0000000081700000, 0x0000000081700000|100%|HC|  |TAMS 0x0000000081700000, 0x0000000081600000| Complete 
|  23|0x0000000081700000, 0x0000000081800000, 0x0000000081800000|100%|HS|  |TAMS 0x0000000081800000, 0x0000000081700000| Complete 
|  24|0x0000000081800000, 0x0000000081900000, 0x0000000081900000|100%|HC|  |TAMS 0x0000000081900000, 0x0000000081800000| Complete 
|  25|0x0000000081900000, 0x0000000081a00000, 0x0000000081a00000|100%| O|  |TAMS 0x0000000081a00000, 0x0000000081900000| Untracked 
|  26|0x0000000081a00000, 0x0000000081b00000, 0x0000000081b00000|100%| O|  |TAMS 0x0000000081b00000, 0x0000000081a00000| Untracked 
|  27|0x0000000081b00000, 0x0000000081c00000, 0x0000000081c00000|100%| O|  |TAMS 0x0000000081c00000, 0x0000000081b00000| Untracked 
|  28|0x0000000081c00000, 0x0000000081d00000, 0x0000000081d00000|100%| O|  |TAMS 0x0000000081d00000, 0x0000000081c00000| Untracked 
|  29|0x0000000081d00000, 0x0000000081e00000, 0x0000000081e00000|100%| O|  |TAMS 0x0000000081e00000, 0x0000000081d00000| Untracked 
|  30|0x0000000081e00000, 0x0000000081f00000, 0x0000000081f00000|100%| O|  |TAMS 0x0000000081f00000, 0x0000000081e00000| Untracked 
|  31|0x0000000081f00000, 0x0000000082000000, 0x0000000082000000|100%| O|  |TAMS 0x0000000082000000, 0x0000000081f00000| Untracked 
|  32|0x0000000082000000, 0x0000000082100000, 0x0000000082100000|100%| O|  |TAMS 0x0000000082100000, 0x0000000082000000| Untracked 
|  33|0x0000000082100000, 0x0000000082200000, 0x0000000082200000|100%| O|  |TAMS 0x0000000082200000, 0x0000000082100000| Untracked 
|  34|0x0000000082200000, 0x0000000082300000, 0x0000000082300000|100%| O|  |TAMS 0x0000000082300000, 0x0000000082200000| Untracked 
|  35|0x0000000082300000, 0x0000000082400000, 0x0000000082400000|100%| O|  |TAMS 0x0000000082400000, 0x0000000082300000| Untracked 
|  36|0x0000000082400000, 0x0000000082500000, 0x0000000082500000|100%| O|  |TAMS 0x0000000082500000, 0x0000000082400000| Untracked 
|  37|0x0000000082500000, 0x0000000082600000, 0x0000000082600000|100%| O|  |TAMS 0x0000000082600000, 0x0000000082500000| Complete 
|  38|0x0000000082600000, 0x0000000082700000, 0x0000000082700000|100%| O|  |TAMS 0x0000000082700000, 0x0000000082600000| Complete 
|  39|0x0000000082700000, 0x0000000082800000, 0x0000000082800000|100%| O|  |TAMS 0x0000000082800000, 0x0000000082700000| Untracked 
|  40|0x0000000082800000, 0x0000000082900000, 0x0000000082900000|100%| O|  |TAMS 0x0000000082900000, 0x0000000082800000| Untracked 
|  41|0x0000000082900000, 0x0000000082a00000, 0x0000000082a00000|100%| O|  |TAMS 0x0000000082a00000, 0x0000000082900000| Untracked 
|  42|0x0000000082a00000, 0x0000000082b00000, 0x0000000082b00000|100%| O|  |TAMS 0x0000000082b00000, 0x0000000082a00000| Untracked 
|  43|0x0000000082b00000, 0x0000000082c00000, 0x0000000082c00000|100%| O|  |TAMS 0x0000000082c00000, 0x0000000082b00000| Untracked 
|  44|0x0000000082c00000, 0x0000000082d00000, 0x0000000082d00000|100%| O|  |TAMS 0x0000000082d00000, 0x0000000082c00000| Complete 
|  45|0x0000000082d00000, 0x0000000082e00000, 0x0000000082e00000|100%| O|  |TAMS 0x0000000082e00000, 0x0000000082d00000| Untracked 
|  46|0x0000000082e00000, 0x0000000082f00000, 0x0000000082f00000|100%| O|  |TAMS 0x0000000082f00000, 0x0000000082e00000| Complete 
|  47|0x0000000082f00000, 0x0000000083000000, 0x0000000083000000|100%| O|  |TAMS 0x0000000083000000, 0x0000000082f00000| Complete 
|  48|0x0000000083000000, 0x0000000083100000, 0x0000000083100000|100%| O|  |TAMS 0x0000000083100000, 0x0000000083000000| Complete 
|  49|0x0000000083100000, 0x0000000083200000, 0x0000000083200000|100%| O|  |TAMS 0x0000000083200000, 0x0000000083100000| Untracked 
|  50|0x0000000083200000, 0x0000000083300000, 0x0000000083300000|100%| O|  |TAMS 0x0000000083300000, 0x0000000083200000| Untracked 
|  51|0x0000000083300000, 0x0000000083400000, 0x0000000083400000|100%| O|  |TAMS 0x0000000083400000, 0x0000000083300000| Complete 
|  52|0x0000000083400000, 0x0000000083500000, 0x0000000083500000|100%| O|  |TAMS 0x0000000083500000, 0x0000000083400000| Untracked 
|  53|0x0000000083500000, 0x0000000083600000, 0x0000000083600000|100%| O|  |TAMS 0x0000000083600000, 0x0000000083500000| Untracked 
|  54|0x0000000083600000, 0x0000000083700000, 0x0000000083700000|100%| O|  |TAMS 0x0000000083700000, 0x0000000083600000| Untracked 
|  55|0x0000000083700000, 0x0000000083800000, 0x0000000083800000|100%| O|  |TAMS 0x0000000083800000, 0x0000000083700000| Complete 
|  56|0x0000000083800000, 0x0000000083900000, 0x0000000083900000|100%| O|  |TAMS 0x0000000083900000, 0x0000000083800000| Complete 
|  57|0x0000000083900000, 0x0000000083a00000, 0x0000000083a00000|100%| O|  |TAMS 0x0000000083a00000, 0x0000000083900000| Untracked 
|  58|0x0000000083a00000, 0x0000000083b00000, 0x0000000083b00000|100%| O|  |TAMS 0x0000000083b00000, 0x0000000083a00000| Complete 
|  59|0x0000000083b00000, 0x0000000083c00000, 0x0000000083c00000|100%| O|  |TAMS 0x0000000083c00000, 0x0000000083b00000| Complete 
|  60|0x0000000083c00000, 0x0000000083d00000, 0x0000000083d00000|100%| O|  |TAMS 0x0000000083d00000, 0x0000000083c00000| Complete 
|  61|0x0000000083d00000, 0x0000000083e00000, 0x0000000083e00000|100%| O|  |TAMS 0x0000000083e00000, 0x0000000083d00000| Complete 
|  62|0x0000000083e00000, 0x0000000083f00000, 0x0000000083f00000|100%| O|  |TAMS 0x0000000083f00000, 0x0000000083e00000| Complete 
|  63|0x0000000083f00000, 0x0000000084000000, 0x0000000084000000|100%| O|  |TAMS 0x0000000084000000, 0x0000000083f00000| Complete 
|  64|0x0000000084000000, 0x0000000084100000, 0x0000000084100000|100%| O|  |TAMS 0x0000000084100000, 0x0000000084000000| Complete 
|  65|0x0000000084100000, 0x0000000084200000, 0x0000000084200000|100%| O|  |TAMS 0x0000000084200000, 0x0000000084100000| Complete 
|  66|0x0000000084200000, 0x0000000084300000, 0x0000000084300000|100%| O|  |TAMS 0x0000000084300000, 0x0000000084200000| Complete 
|  67|0x0000000084300000, 0x0000000084400000, 0x0000000084400000|100%| O|  |TAMS 0x0000000084400000, 0x0000000084300000| Complete 
|  68|0x0000000084400000, 0x0000000084500000, 0x0000000084500000|100%| O|  |TAMS 0x0000000084500000, 0x0000000084400000| Complete 
|  69|0x0000000084500000, 0x0000000084600000, 0x0000000084600000|100%| O|  |TAMS 0x0000000084600000, 0x0000000084500000| Untracked 
|  70|0x0000000084600000, 0x0000000084700000, 0x0000000084700000|100%| O|  |TAMS 0x0000000084700000, 0x0000000084600000| Complete 
|  71|0x0000000084700000, 0x0000000084800000, 0x0000000084800000|100%| O|  |TAMS 0x0000000084800000, 0x0000000084700000| Complete 
|  72|0x0000000084800000, 0x0000000084900000, 0x0000000084900000|100%| O|  |TAMS 0x0000000084900000, 0x0000000084800000| Complete 
|  73|0x0000000084900000, 0x0000000084a00000, 0x0000000084a00000|100%| O|  |TAMS 0x0000000084a00000, 0x0000000084900000| Untracked 
|  74|0x0000000084a00000, 0x0000000084b00000, 0x0000000084b00000|100%| O|  |TAMS 0x0000000084b00000, 0x0000000084a00000| Complete 
|  75|0x0000000084b00000, 0x0000000084c00000, 0x0000000084c00000|100%| O|  |TAMS 0x0000000084c00000, 0x0000000084b00000| Complete 
|  76|0x0000000084c00000, 0x0000000084d00000, 0x0000000084d00000|100%| O|  |TAMS 0x0000000084d00000, 0x0000000084c00000| Complete 
|  77|0x0000000084d00000, 0x0000000084e00000, 0x0000000084e00000|100%| O|  |TAMS 0x0000000084e00000, 0x0000000084d00000| Complete 
|  78|0x0000000084e00000, 0x0000000084f00000, 0x0000000084f00000|100%| O|  |TAMS 0x0000000084f00000, 0x0000000084e00000| Complete 
|  79|0x0000000084f00000, 0x0000000085000000, 0x0000000085000000|100%| O|  |TAMS 0x0000000085000000, 0x0000000084f00000| Untracked 
|  80|0x0000000085000000, 0x0000000085100000, 0x0000000085100000|100%| O|  |TAMS 0x0000000085100000, 0x0000000085000000| Complete 
|  81|0x0000000085100000, 0x0000000085200000, 0x0000000085200000|100%| O|  |TAMS 0x0000000085200000, 0x0000000085100000| Untracked 
|  82|0x0000000085200000, 0x0000000085300000, 0x0000000085300000|100%| O|  |TAMS 0x0000000085300000, 0x0000000085200000| Complete 
|  83|0x0000000085300000, 0x0000000085400000, 0x0000000085400000|100%| O|  |TAMS 0x0000000085400000, 0x0000000085300000| Complete 
|  84|0x0000000085400000, 0x0000000085500000, 0x0000000085500000|100%| O|  |TAMS 0x0000000085500000, 0x0000000085400000| Complete 
|  85|0x0000000085500000, 0x0000000085600000, 0x0000000085600000|100%| O|  |TAMS 0x0000000085600000, 0x0000000085500000| Complete 
|  86|0x0000000085600000, 0x0000000085700000, 0x0000000085700000|100%| O|  |TAMS 0x0000000085700000, 0x0000000085600000| Untracked 
|  87|0x0000000085700000, 0x0000000085800000, 0x0000000085800000|100%| O|  |TAMS 0x0000000085800000, 0x0000000085700000| Complete 
|  88|0x0000000085800000, 0x0000000085900000, 0x0000000085900000|100%| O|  |TAMS 0x0000000085900000, 0x0000000085800000| Complete 
|  89|0x0000000085900000, 0x0000000085a00000, 0x0000000085a00000|100%| O|  |TAMS 0x0000000085a00000, 0x0000000085900000| Complete 
|  90|0x0000000085a00000, 0x0000000085b00000, 0x0000000085b00000|100%| O|  |TAMS 0x0000000085b00000, 0x0000000085a00000| Complete 
|  91|0x0000000085b00000, 0x0000000085c00000, 0x0000000085c00000|100%| O|  |TAMS 0x0000000085c00000, 0x0000000085b00000| Complete 
|  92|0x0000000085c00000, 0x0000000085d00000, 0x0000000085d00000|100%| O|  |TAMS 0x0000000085d00000, 0x0000000085c00000| Untracked 
|  93|0x0000000085d00000, 0x0000000085e00000, 0x0000000085e00000|100%| O|  |TAMS 0x0000000085e00000, 0x0000000085d00000| Untracked 
|  94|0x0000000085e00000, 0x0000000085f00000, 0x0000000085f00000|100%| O|  |TAMS 0x0000000085f00000, 0x0000000085e00000| Untracked 
|  95|0x0000000085f00000, 0x0000000086000000, 0x0000000086000000|100%| O|  |TAMS 0x0000000086000000, 0x0000000085f00000| Untracked 
|  96|0x0000000086000000, 0x0000000086100000, 0x0000000086100000|100%| O|  |TAMS 0x0000000086100000, 0x0000000086000000| Untracked 
|  97|0x0000000086100000, 0x0000000086200000, 0x0000000086200000|100%| O|  |TAMS 0x0000000086200000, 0x0000000086100000| Complete 
|  98|0x0000000086200000, 0x0000000086300000, 0x0000000086300000|100%| O|  |TAMS 0x0000000086300000, 0x0000000086200000| Untracked 
|  99|0x0000000086300000, 0x0000000086400000, 0x0000000086400000|100%| O|  |TAMS 0x0000000086400000, 0x0000000086300000| Complete 
| 100|0x0000000086400000, 0x0000000086500000, 0x0000000086500000|100%| O|  |TAMS 0x0000000086500000, 0x0000000086400000| Complete 
| 101|0x0000000086500000, 0x0000000086600000, 0x0000000086600000|100%| O|  |TAMS 0x0000000086600000, 0x0000000086500000| Complete 
| 102|0x0000000086600000, 0x0000000086700000, 0x0000000086700000|100%|HS|  |TAMS 0x0000000086600000, 0x0000000086600000| Complete 
| 103|0x0000000086700000, 0x0000000086800000, 0x0000000086800000|100%|HC|  |TAMS 0x0000000086700000, 0x0000000086700000| Complete 
| 104|0x0000000086800000, 0x0000000086800000, 0x0000000086900000|  0%| F|  |TAMS 0x0000000086800000, 0x0000000086800000| Untracked 
| 105|0x0000000086900000, 0x0000000086900000, 0x0000000086a00000|  0%| F|  |TAMS 0x0000000086900000, 0x0000000086900000| Untracked 
| 106|0x0000000086a00000, 0x0000000086b00000, 0x0000000086b00000|100%| O|  |TAMS 0x0000000086b00000, 0x0000000086a00000| Complete 
| 107|0x0000000086b00000, 0x0000000086c00000, 0x0000000086c00000|100%| O|  |TAMS 0x0000000086c00000, 0x0000000086b00000| Complete 
| 108|0x0000000086c00000, 0x0000000086c00000, 0x0000000086d00000|  0%| F|  |TAMS 0x0000000086c00000, 0x0000000086c00000| Untracked 
| 109|0x0000000086d00000, 0x0000000086d00000, 0x0000000086e00000|  0%| F|  |TAMS 0x0000000086d00000, 0x0000000086d00000| Untracked 
| 110|0x0000000086e00000, 0x0000000086e00000, 0x0000000086f00000|  0%| F|  |TAMS 0x0000000086e00000, 0x0000000086e00000| Untracked 
| 111|0x0000000086f00000, 0x0000000086f00000, 0x0000000087000000|  0%| F|  |TAMS 0x0000000086f00000, 0x0000000086f00000| Untracked 
| 112|0x0000000087000000, 0x0000000087000000, 0x0000000087100000|  0%| F|  |TAMS 0x0000000087000000, 0x0000000087000000| Untracked 
| 113|0x0000000087100000, 0x0000000087100000, 0x0000000087200000|  0%| F|  |TAMS 0x0000000087100000, 0x0000000087100000| Untracked 
| 114|0x0000000087200000, 0x0000000087200000, 0x0000000087300000|  0%| F|  |TAMS 0x0000000087200000, 0x0000000087200000| Untracked 
| 115|0x0000000087300000, 0x0000000087400000, 0x0000000087400000|100%| O|  |TAMS 0x0000000087400000, 0x0000000087300000| Complete 
| 116|0x0000000087400000, 0x0000000087500000, 0x0000000087500000|100%| O|  |TAMS 0x0000000087500000, 0x0000000087400000| Complete 
| 117|0x0000000087500000, 0x0000000087600000, 0x0000000087600000|100%| O|  |TAMS 0x0000000087600000, 0x0000000087500000| Complete 
| 118|0x0000000087600000, 0x0000000087700000, 0x0000000087700000|100%| O|  |TAMS 0x0000000087700000, 0x0000000087600000| Complete 
| 119|0x0000000087700000, 0x0000000087700000, 0x0000000087800000|  0%| F|  |TAMS 0x0000000087700000, 0x0000000087700000| Untracked 
| 120|0x0000000087800000, 0x0000000087900000, 0x0000000087900000|100%| O|  |TAMS 0x0000000087900000, 0x0000000087800000| Complete 
| 121|0x0000000087900000, 0x0000000087900000, 0x0000000087a00000|  0%| F|  |TAMS 0x0000000087900000, 0x0000000087900000| Untracked 
| 122|0x0000000087a00000, 0x0000000087b00000, 0x0000000087b00000|100%| O|  |TAMS 0x0000000087b00000, 0x0000000087a00000| Complete 
| 123|0x0000000087b00000, 0x0000000087c00000, 0x0000000087c00000|100%| O|  |TAMS 0x0000000087c00000, 0x0000000087b00000| Complete 
| 124|0x0000000087c00000, 0x0000000087c00000, 0x0000000087d00000|  0%| F|  |TAMS 0x0000000087c00000, 0x0000000087c00000| Untracked 
| 125|0x0000000087d00000, 0x0000000087d00000, 0x0000000087e00000|  0%| F|  |TAMS 0x0000000087d00000, 0x0000000087d00000| Untracked 
| 126|0x0000000087e00000, 0x0000000087e00000, 0x0000000087f00000|  0%| F|  |TAMS 0x0000000087e00000, 0x0000000087e00000| Untracked 
| 127|0x0000000087f00000, 0x0000000087f00000, 0x0000000088000000|  0%| F|  |TAMS 0x0000000087f00000, 0x0000000087f00000| Untracked 
| 128|0x0000000088000000, 0x0000000088000000, 0x0000000088100000|  0%| F|  |TAMS 0x0000000088000000, 0x0000000088000000| Untracked 
| 129|0x0000000088100000, 0x0000000088100000, 0x0000000088200000|  0%| F|  |TAMS 0x0000000088100000, 0x0000000088100000| Untracked 
| 130|0x0000000088200000, 0x0000000088300000, 0x0000000088300000|100%| O|  |TAMS 0x0000000088300000, 0x0000000088200000| Complete 
| 131|0x0000000088300000, 0x0000000088400000, 0x0000000088400000|100%| O|  |TAMS 0x0000000088400000, 0x0000000088300000| Complete 
| 132|0x0000000088400000, 0x0000000088500000, 0x0000000088500000|100%| O|  |TAMS 0x0000000088500000, 0x0000000088400000| Complete 
| 133|0x0000000088500000, 0x0000000088600000, 0x0000000088600000|100%| O|  |TAMS 0x0000000088600000, 0x0000000088500000| Complete 
| 134|0x0000000088600000, 0x0000000088700000, 0x0000000088700000|100%| O|  |TAMS 0x0000000088700000, 0x0000000088600000| Complete 
| 135|0x0000000088700000, 0x0000000088800000, 0x0000000088800000|100%| O|  |TAMS 0x0000000088800000, 0x0000000088700000| Complete 
| 136|0x0000000088800000, 0x0000000088800000, 0x0000000088900000|  0%| F|  |TAMS 0x0000000088800000, 0x0000000088800000| Untracked 
| 137|0x0000000088900000, 0x0000000088900000, 0x0000000088a00000|  0%| F|  |TAMS 0x0000000088900000, 0x0000000088900000| Untracked 
| 138|0x0000000088a00000, 0x0000000088a00000, 0x0000000088b00000|  0%| F|  |TAMS 0x0000000088a00000, 0x0000000088a00000| Untracked 
| 139|0x0000000088b00000, 0x0000000088b00000, 0x0000000088c00000|  0%| F|  |TAMS 0x0000000088b00000, 0x0000000088b00000| Untracked 
| 140|0x0000000088c00000, 0x0000000088c00000, 0x0000000088d00000|  0%| F|  |TAMS 0x0000000088c00000, 0x0000000088c00000| Untracked 
| 141|0x0000000088d00000, 0x0000000088d00000, 0x0000000088e00000|  0%| F|  |TAMS 0x0000000088d00000, 0x0000000088d00000| Untracked 
| 142|0x0000000088e00000, 0x0000000088e00000, 0x0000000088f00000|  0%| F|  |TAMS 0x0000000088e00000, 0x0000000088e00000| Untracked 
| 143|0x0000000088f00000, 0x0000000088f00000, 0x0000000089000000|  0%| F|  |TAMS 0x0000000088f00000, 0x0000000088f00000| Untracked 
| 144|0x0000000089000000, 0x0000000089000000, 0x0000000089100000|  0%| F|  |TAMS 0x0000000089000000, 0x0000000089000000| Untracked 
| 145|0x0000000089100000, 0x0000000089100000, 0x0000000089200000|  0%| F|  |TAMS 0x0000000089100000, 0x0000000089100000| Untracked 
| 146|0x0000000089200000, 0x0000000089200000, 0x0000000089300000|  0%| F|  |TAMS 0x0000000089200000, 0x0000000089200000| Untracked 
| 147|0x0000000089300000, 0x0000000089300000, 0x0000000089400000|  0%| F|  |TAMS 0x0000000089300000, 0x0000000089300000| Untracked 
| 148|0x0000000089400000, 0x0000000089400000, 0x0000000089500000|  0%| F|  |TAMS 0x0000000089400000, 0x0000000089400000| Untracked 
| 149|0x0000000089500000, 0x0000000089500000, 0x0000000089600000|  0%| F|  |TAMS 0x0000000089500000, 0x0000000089500000| Untracked 
| 150|0x0000000089600000, 0x0000000089600000, 0x0000000089700000|  0%| F|  |TAMS 0x0000000089600000, 0x0000000089600000| Untracked 
| 151|0x0000000089700000, 0x0000000089700000, 0x0000000089800000|  0%| F|  |TAMS 0x0000000089700000, 0x0000000089700000| Untracked 
| 152|0x0000000089800000, 0x0000000089800000, 0x0000000089900000|  0%| F|  |TAMS 0x0000000089800000, 0x0000000089800000| Untracked 
| 153|0x0000000089900000, 0x0000000089900000, 0x0000000089a00000|  0%| F|  |TAMS 0x0000000089900000, 0x0000000089900000| Untracked 
| 154|0x0000000089a00000, 0x0000000089a00000, 0x0000000089b00000|  0%| F|  |TAMS 0x0000000089a00000, 0x0000000089a00000| Untracked 
| 155|0x0000000089b00000, 0x0000000089b00000, 0x0000000089c00000|  0%| F|  |TAMS 0x0000000089b00000, 0x0000000089b00000| Untracked 
| 156|0x0000000089c00000, 0x0000000089c00000, 0x0000000089d00000|  0%| F|  |TAMS 0x0000000089c00000, 0x0000000089c00000| Untracked 
| 157|0x0000000089d00000, 0x0000000089d00000, 0x0000000089e00000|  0%| F|  |TAMS 0x0000000089d00000, 0x0000000089d00000| Untracked 
| 158|0x0000000089e00000, 0x0000000089e00000, 0x0000000089f00000|  0%| F|  |TAMS 0x0000000089e00000, 0x0000000089e00000| Untracked 
| 159|0x0000000089f00000, 0x0000000089f00000, 0x000000008a000000|  0%| F|  |TAMS 0x0000000089f00000, 0x0000000089f00000| Untracked 
| 160|0x000000008a000000, 0x000000008a000000, 0x000000008a100000|  0%| F|  |TAMS 0x000000008a000000, 0x000000008a000000| Untracked 
| 161|0x000000008a100000, 0x000000008a100000, 0x000000008a200000|  0%| F|  |TAMS 0x000000008a100000, 0x000000008a100000| Untracked 
| 162|0x000000008a200000, 0x000000008a200000, 0x000000008a300000|  0%| F|  |TAMS 0x000000008a200000, 0x000000008a200000| Untracked 
| 163|0x000000008a300000, 0x000000008a300000, 0x000000008a400000|  0%| F|  |TAMS 0x000000008a300000, 0x000000008a300000| Untracked 
| 164|0x000000008a400000, 0x000000008a400000, 0x000000008a500000|  0%| F|  |TAMS 0x000000008a400000, 0x000000008a400000| Untracked 
| 165|0x000000008a500000, 0x000000008a500000, 0x000000008a600000|  0%| F|  |TAMS 0x000000008a500000, 0x000000008a500000| Untracked 
| 166|0x000000008a600000, 0x000000008a600000, 0x000000008a700000|  0%| F|  |TAMS 0x000000008a600000, 0x000000008a600000| Untracked 
| 167|0x000000008a700000, 0x000000008a700000, 0x000000008a800000|  0%| F|  |TAMS 0x000000008a700000, 0x000000008a700000| Untracked 
| 168|0x000000008a800000, 0x000000008a800000, 0x000000008a900000|  0%| F|  |TAMS 0x000000008a800000, 0x000000008a800000| Untracked 
| 169|0x000000008a900000, 0x000000008a900000, 0x000000008aa00000|  0%| F|  |TAMS 0x000000008a900000, 0x000000008a900000| Untracked 
| 170|0x000000008aa00000, 0x000000008aa00000, 0x000000008ab00000|  0%| F|  |TAMS 0x000000008aa00000, 0x000000008aa00000| Untracked 
| 171|0x000000008ab00000, 0x000000008ab00000, 0x000000008ac00000|  0%| F|  |TAMS 0x000000008ab00000, 0x000000008ab00000| Untracked 
| 172|0x000000008ac00000, 0x000000008ac00000, 0x000000008ad00000|  0%| F|  |TAMS 0x000000008ac00000, 0x000000008ac00000| Untracked 
| 173|0x000000008ad00000, 0x000000008ad00000, 0x000000008ae00000|  0%| F|  |TAMS 0x000000008ad00000, 0x000000008ad00000| Untracked 
| 174|0x000000008ae00000, 0x000000008ae00000, 0x000000008af00000|  0%| F|  |TAMS 0x000000008ae00000, 0x000000008ae00000| Untracked 
| 175|0x000000008af00000, 0x000000008af00000, 0x000000008b000000|  0%| F|  |TAMS 0x000000008af00000, 0x000000008af00000| Untracked 
| 176|0x000000008b000000, 0x000000008b000000, 0x000000008b100000|  0%| F|  |TAMS 0x000000008b000000, 0x000000008b000000| Untracked 
| 177|0x000000008b100000, 0x000000008b100000, 0x000000008b200000|  0%| F|  |TAMS 0x000000008b100000, 0x000000008b100000| Untracked 
| 178|0x000000008b200000, 0x000000008b200000, 0x000000008b300000|  0%| F|  |TAMS 0x000000008b200000, 0x000000008b200000| Untracked 
| 179|0x000000008b300000, 0x000000008b300000, 0x000000008b400000|  0%| F|  |TAMS 0x000000008b300000, 0x000000008b300000| Untracked 
| 180|0x000000008b400000, 0x000000008b400000, 0x000000008b500000|  0%| F|  |TAMS 0x000000008b400000, 0x000000008b400000| Untracked 
| 181|0x000000008b500000, 0x000000008b500000, 0x000000008b600000|  0%| F|  |TAMS 0x000000008b500000, 0x000000008b500000| Untracked 
| 182|0x000000008b600000, 0x000000008b600000, 0x000000008b700000|  0%| F|  |TAMS 0x000000008b600000, 0x000000008b600000| Untracked 
| 183|0x000000008b700000, 0x000000008b700000, 0x000000008b800000|  0%| F|  |TAMS 0x000000008b700000, 0x000000008b700000| Untracked 
| 184|0x000000008b800000, 0x000000008b800000, 0x000000008b900000|  0%| F|  |TAMS 0x000000008b800000, 0x000000008b800000| Untracked 
| 185|0x000000008b900000, 0x000000008b900000, 0x000000008ba00000|  0%| F|  |TAMS 0x000000008b900000, 0x000000008b900000| Untracked 
| 186|0x000000008ba00000, 0x000000008ba00000, 0x000000008bb00000|  0%| F|  |TAMS 0x000000008ba00000, 0x000000008ba00000| Untracked 
| 187|0x000000008bb00000, 0x000000008bb00000, 0x000000008bc00000|  0%| F|  |TAMS 0x000000008bb00000, 0x000000008bb00000| Untracked 
| 188|0x000000008bc00000, 0x000000008bc00000, 0x000000008bd00000|  0%| F|  |TAMS 0x000000008bc00000, 0x000000008bc00000| Untracked 
| 189|0x000000008bd00000, 0x000000008bd00000, 0x000000008be00000|  0%| F|  |TAMS 0x000000008bd00000, 0x000000008bd00000| Untracked 
| 190|0x000000008be00000, 0x000000008be00000, 0x000000008bf00000|  0%| F|  |TAMS 0x000000008be00000, 0x000000008be00000| Untracked 
| 191|0x000000008bf00000, 0x000000008bf00000, 0x000000008c000000|  0%| F|  |TAMS 0x000000008bf00000, 0x000000008bf00000| Untracked 
| 192|0x000000008c000000, 0x000000008c000000, 0x000000008c100000|  0%| F|  |TAMS 0x000000008c000000, 0x000000008c000000| Untracked 
| 193|0x000000008c100000, 0x000000008c100000, 0x000000008c200000|  0%| F|  |TAMS 0x000000008c100000, 0x000000008c100000| Untracked 
| 194|0x000000008c200000, 0x000000008c200000, 0x000000008c300000|  0%| F|  |TAMS 0x000000008c200000, 0x000000008c200000| Untracked 
| 195|0x000000008c300000, 0x000000008c300000, 0x000000008c400000|  0%| F|  |TAMS 0x000000008c300000, 0x000000008c300000| Untracked 
| 196|0x000000008c400000, 0x000000008c400000, 0x000000008c500000|  0%| F|  |TAMS 0x000000008c400000, 0x000000008c400000| Untracked 
| 197|0x000000008c500000, 0x000000008c500000, 0x000000008c600000|  0%| F|  |TAMS 0x000000008c500000, 0x000000008c500000| Untracked 
| 198|0x000000008c600000, 0x000000008c600000, 0x000000008c700000|  0%| F|  |TAMS 0x000000008c600000, 0x000000008c600000| Untracked 
| 199|0x000000008c700000, 0x000000008c700000, 0x000000008c800000|  0%| F|  |TAMS 0x000000008c700000, 0x000000008c700000| Untracked 
| 200|0x000000008c800000, 0x000000008c800000, 0x000000008c900000|  0%| F|  |TAMS 0x000000008c800000, 0x000000008c800000| Untracked 
| 201|0x000000008c900000, 0x000000008c900000, 0x000000008ca00000|  0%| F|  |TAMS 0x000000008c900000, 0x000000008c900000| Untracked 
| 202|0x000000008ca00000, 0x000000008ca00000, 0x000000008cb00000|  0%| F|  |TAMS 0x000000008ca00000, 0x000000008ca00000| Untracked 
| 203|0x000000008cb00000, 0x000000008cba1860, 0x000000008cc00000| 63%| S|CS|TAMS 0x000000008cb00000, 0x000000008cb00000| Complete 
| 204|0x000000008cc00000, 0x000000008cd00000, 0x000000008cd00000|100%| S|CS|TAMS 0x000000008cc00000, 0x000000008cc00000| Complete 
| 205|0x000000008cd00000, 0x000000008ce00000, 0x000000008ce00000|100%| S|CS|TAMS 0x000000008cd00000, 0x000000008cd00000| Complete 
| 206|0x000000008ce00000, 0x000000008cf00000, 0x000000008cf00000|100%| S|CS|TAMS 0x000000008ce00000, 0x000000008ce00000| Complete 
| 207|0x000000008cf00000, 0x000000008d000000, 0x000000008d000000|100%| S|CS|TAMS 0x000000008cf00000, 0x000000008cf00000| Complete 
| 208|0x000000008d000000, 0x000000008d100000, 0x000000008d100000|100%| S|CS|TAMS 0x000000008d000000, 0x000000008d000000| Complete 
| 209|0x000000008d100000, 0x000000008d200000, 0x000000008d200000|100%| S|CS|TAMS 0x000000008d100000, 0x000000008d100000| Complete 
| 210|0x000000008d200000, 0x000000008d200000, 0x000000008d300000|  0%| F|  |TAMS 0x000000008d200000, 0x000000008d200000| Untracked 
| 211|0x000000008d300000, 0x000000008d300000, 0x000000008d400000|  0%| F|  |TAMS 0x000000008d300000, 0x000000008d300000| Untracked 
| 212|0x000000008d400000, 0x000000008d400000, 0x000000008d500000|  0%| F|  |TAMS 0x000000008d400000, 0x000000008d400000| Untracked 
| 213|0x000000008d500000, 0x000000008d500000, 0x000000008d600000|  0%| F|  |TAMS 0x000000008d500000, 0x000000008d500000| Untracked 
| 214|0x000000008d600000, 0x000000008d600000, 0x000000008d700000|  0%| F|  |TAMS 0x000000008d600000, 0x000000008d600000| Untracked 
| 215|0x000000008d700000, 0x000000008d700000, 0x000000008d800000|  0%| F|  |TAMS 0x000000008d700000, 0x000000008d700000| Untracked 
| 216|0x000000008d800000, 0x000000008d800000, 0x000000008d900000|  0%| F|  |TAMS 0x000000008d800000, 0x000000008d800000| Untracked 
| 217|0x000000008d900000, 0x000000008d900000, 0x000000008da00000|  0%| F|  |TAMS 0x000000008d900000, 0x000000008d900000| Untracked 
| 218|0x000000008da00000, 0x000000008da00000, 0x000000008db00000|  0%| F|  |TAMS 0x000000008da00000, 0x000000008da00000| Untracked 
| 219|0x000000008db00000, 0x000000008db00000, 0x000000008dc00000|  0%| F|  |TAMS 0x000000008db00000, 0x000000008db00000| Untracked 
| 220|0x000000008dc00000, 0x000000008dc00000, 0x000000008dd00000|  0%| F|  |TAMS 0x000000008dc00000, 0x000000008dc00000| Untracked 
| 221|0x000000008dd00000, 0x000000008dd00000, 0x000000008de00000|  0%| F|  |TAMS 0x000000008dd00000, 0x000000008dd00000| Untracked 
| 222|0x000000008de00000, 0x000000008de00000, 0x000000008df00000|  0%| F|  |TAMS 0x000000008de00000, 0x000000008de00000| Untracked 
| 223|0x000000008df00000, 0x000000008df00000, 0x000000008e000000|  0%| F|  |TAMS 0x000000008df00000, 0x000000008df00000| Untracked 
| 224|0x000000008e000000, 0x000000008e000000, 0x000000008e100000|  0%| F|  |TAMS 0x000000008e000000, 0x000000008e000000| Untracked 
| 225|0x000000008e100000, 0x000000008e100000, 0x000000008e200000|  0%| F|  |TAMS 0x000000008e100000, 0x000000008e100000| Untracked 
| 226|0x000000008e200000, 0x000000008e200000, 0x000000008e300000|  0%| F|  |TAMS 0x000000008e200000, 0x000000008e200000| Untracked 
| 227|0x000000008e300000, 0x000000008e300000, 0x000000008e400000|  0%| F|  |TAMS 0x000000008e300000, 0x000000008e300000| Untracked 
| 228|0x000000008e400000, 0x000000008e400000, 0x000000008e500000|  0%| F|  |TAMS 0x000000008e400000, 0x000000008e400000| Untracked 
| 229|0x000000008e500000, 0x000000008e500000, 0x000000008e600000|  0%| F|  |TAMS 0x000000008e500000, 0x000000008e500000| Untracked 
| 230|0x000000008e600000, 0x000000008e600000, 0x000000008e700000|  0%| F|  |TAMS 0x000000008e600000, 0x000000008e600000| Untracked 
| 231|0x000000008e700000, 0x000000008e700000, 0x000000008e800000|  0%| F|  |TAMS 0x000000008e700000, 0x000000008e700000| Untracked 
| 232|0x000000008e800000, 0x000000008e800000, 0x000000008e900000|  0%| F|  |TAMS 0x000000008e800000, 0x000000008e800000| Untracked 
| 233|0x000000008e900000, 0x000000008e900000, 0x000000008ea00000|  0%| F|  |TAMS 0x000000008e900000, 0x000000008e900000| Untracked 
| 234|0x000000008ea00000, 0x000000008ea00000, 0x000000008eb00000|  0%| F|  |TAMS 0x000000008ea00000, 0x000000008ea00000| Untracked 
| 235|0x000000008eb00000, 0x000000008eb00000, 0x000000008ec00000|  0%| F|  |TAMS 0x000000008eb00000, 0x000000008eb00000| Untracked 
| 236|0x000000008ec00000, 0x000000008ec00000, 0x000000008ed00000|  0%| F|  |TAMS 0x000000008ec00000, 0x000000008ec00000| Untracked 
| 237|0x000000008ed00000, 0x000000008ed00000, 0x000000008ee00000|  0%| F|  |TAMS 0x000000008ed00000, 0x000000008ed00000| Untracked 
| 238|0x000000008ee00000, 0x000000008ee00000, 0x000000008ef00000|  0%| F|  |TAMS 0x000000008ee00000, 0x000000008ee00000| Untracked 
| 239|0x000000008ef00000, 0x000000008ef00000, 0x000000008f000000|  0%| F|  |TAMS 0x000000008ef00000, 0x000000008ef00000| Untracked 
| 240|0x000000008f000000, 0x000000008f000000, 0x000000008f100000|  0%| F|  |TAMS 0x000000008f000000, 0x000000008f000000| Untracked 
| 241|0x000000008f100000, 0x000000008f100000, 0x000000008f200000|  0%| F|  |TAMS 0x000000008f100000, 0x000000008f100000| Untracked 
| 242|0x000000008f200000, 0x000000008f200000, 0x000000008f300000|  0%| F|  |TAMS 0x000000008f200000, 0x000000008f200000| Untracked 
| 243|0x000000008f300000, 0x000000008f300000, 0x000000008f400000|  0%| F|  |TAMS 0x000000008f300000, 0x000000008f300000| Untracked 
| 244|0x000000008f400000, 0x000000008f400000, 0x000000008f500000|  0%| F|  |TAMS 0x000000008f400000, 0x000000008f400000| Untracked 
| 245|0x000000008f500000, 0x000000008f500000, 0x000000008f600000|  0%| F|  |TAMS 0x000000008f500000, 0x000000008f500000| Untracked 
| 246|0x000000008f600000, 0x000000008f676048, 0x000000008f700000| 46%| E|  |TAMS 0x000000008f600000, 0x000000008f600000| Complete 
| 247|0x000000008f700000, 0x000000008f800000, 0x000000008f800000|100%| E|CS|TAMS 0x000000008f700000, 0x000000008f700000| Complete 
| 248|0x000000008f800000, 0x000000008f900000, 0x000000008f900000|100%| E|CS|TAMS 0x000000008f800000, 0x000000008f800000| Complete 
| 249|0x000000008f900000, 0x000000008fa00000, 0x000000008fa00000|100%| E|CS|TAMS 0x000000008f900000, 0x000000008f900000| Complete 
| 250|0x000000008fa00000, 0x000000008fb00000, 0x000000008fb00000|100%| E|CS|TAMS 0x000000008fa00000, 0x000000008fa00000| Complete 
| 251|0x000000008fb00000, 0x000000008fc00000, 0x000000008fc00000|100%| E|CS|TAMS 0x000000008fb00000, 0x000000008fb00000| Complete 
| 252|0x000000008fc00000, 0x000000008fd00000, 0x000000008fd00000|100%| E|CS|TAMS 0x000000008fc00000, 0x000000008fc00000| Complete 
| 253|0x000000008fd00000, 0x000000008fe00000, 0x000000008fe00000|100%| E|CS|TAMS 0x000000008fd00000, 0x000000008fd00000| Complete 
| 254|0x000000008fe00000, 0x000000008ff00000, 0x000000008ff00000|100%| E|  |TAMS 0x000000008fe00000, 0x000000008fe00000| Complete 
| 255|0x000000008ff00000, 0x0000000090000000, 0x0000000090000000|100%| E|CS|TAMS 0x000000008ff00000, 0x000000008ff00000| Complete 

Card table byte_map: [0x000001cf67b50000,0x000001cf67f50000] _byte_map_base: 0x000001cf67750000

Marking Bits (Prev, Next): (CMBitMap*) 0x000001cf54971378, (CMBitMap*) 0x000001cf549713b0
 Prev Bits: [0x000001cf68350000, 0x000001cf6a350000)
 Next Bits: [0x000001cf6a350000, 0x000001cf6c350000)

Polling page: 0x000001cf52870000

Metaspace:

Usage:
  Non-class:    105.54 MB capacity,   103.62 MB ( 98%) used,     1.53 MB (  1%) free+waste,   396.50 KB ( <1%) overhead. 
      Class:     16.44 MB capacity,    15.27 MB ( 93%) used,     1.00 MB (  6%) free+waste,   176.88 KB (  1%) overhead. 
       Both:    121.98 MB capacity,   118.89 MB ( 97%) used,     2.53 MB (  2%) free+waste,   573.38 KB ( <1%) overhead. 

Virtual space:
  Non-class space:      108.00 MB reserved,     106.25 MB ( 98%) committed 
      Class space:        1.00 GB reserved,      16.82 MB (  2%) committed 
             Both:        1.11 GB reserved,     123.07 MB ( 11%) committed 

Chunk freelists:
   Non-Class:  604.00 KB
       Class:  349.00 KB
        Both:  953.00 KB

MaxMetaspaceSize: 17179869184.00 GB
CompressedClassSpaceSize: 1.00 GB

CodeHeap 'non-profiled nmethods': size=120000Kb used=11206Kb max_used=11630Kb free=108793Kb
 bounds [0x000001cf5fef0000, 0x000001cf60a60000, 0x000001cf67420000]
CodeHeap 'profiled nmethods': size=120000Kb used=37326Kb max_used=39101Kb free=82673Kb
 bounds [0x000001cf589c0000, 0x000001cf5aff0000, 0x000001cf5fef0000]
CodeHeap 'non-nmethods': size=5760Kb used=2377Kb max_used=2456Kb free=3383Kb
 bounds [0x000001cf58420000, 0x000001cf58690000, 0x000001cf589c0000]
 total_blobs=18298 nmethods=17286 adapters=922
 compilation: enabled
              stopped_count=0, restarted_count=0
 full_count=0

Compilation events (20 events):
Event: 1021.584 Thread 0x000001cf734bf800 nmethod 18507 0x000001cf5ff3c310 code [0x000001cf5ff3c4a0, 0x000001cf5ff3c528]
Event: 1021.586 Thread 0x000001cf734bf800 18508       4       java.nio.HeapByteBuffer::put (175 bytes)
Event: 1021.600 Thread 0x000001cf734bf800 nmethod 18508 0x000001cf5ff64f10 code [0x000001cf5ff65100, 0x000001cf5ff65948]
Event: 1021.600 Thread 0x000001cf734bf800 18509   !   4       java.nio.file.FileTreeWalker::next (144 bytes)
Event: 1021.645 Thread 0x000001cf732d6000 nmethod 18318 0x000001cf60a4bb90 code [0x000001cf60a4c480, 0x000001cf60a53f20]
Event: 1021.708 Thread 0x000001cf732d6000 18510  s    4       jdk.nio.zipfs.ZipDirectoryStream::close (6 bytes)
Event: 1021.710 Thread 0x000001cf732d6000 nmethod 18510 0x000001cf5ff4ef10 code [0x000001cf5ff4f0a0, 0x000001cf5ff4f298]
Event: 1021.727 Thread 0x000001cf732d6000 18511       4       sun.nio.ch.IOUtil::readIntoNativeBuffer (157 bytes)
Event: 1021.733 Thread 0x000001cf732d6000 nmethod 18511 0x000001cf5ff56710 code [0x000001cf5ff568e0, 0x000001cf5ff56bf8]
Event: 1021.733 Thread 0x000001cf732d6000 18512   !   4       sun.nio.ch.IOUtil::read (129 bytes)
Event: 1021.850 Thread 0x000001cf6f668000 nmethod 18506 0x000001cf5fffda10 code [0x000001cf5fffe080, 0x000001cf60004188]
Event: 1021.850 Thread 0x000001cf6f668000 18513       4       jdk.nio.zipfs.ZipFileSystem$Entry::readExtra (753 bytes)
Event: 1021.867 Thread 0x000001cf732d6000 nmethod 18512 0x000001cf5ff7b910 code [0x000001cf5ff7bc40, 0x000001cf5ff7d5f8]
Event: 1021.889 Thread 0x000001cf6f668000 nmethod 18513 0x000001cf5ff8c210 code [0x000001cf5ff8c4e0, 0x000001cf5ff8df60]
Event: 1021.893 Thread 0x000001cf6f66a000 18514   !   3       java.util.concurrent.CopyOnWriteArrayList::addIfAbsent (128 bytes)
Event: 1021.894 Thread 0x000001cf6f66a000 nmethod 18514 0x000001cf58a4be10 code [0x000001cf58a4c060, 0x000001cf58a4cbe8]
Event: 1021.953 Thread 0x000001cf6f66a000 18515       3       java.lang.ref.Finalizer::register (10 bytes)
Event: 1021.953 Thread 0x000001cf6f66a000 nmethod 18515 0x000001cf58a40890 code [0x000001cf58a40a40, 0x000001cf58a40ba8]
Event: 1021.953 Thread 0x000001cf6f66a000 18516   !   3       java.lang.ref.Finalizer::<init> (49 bytes)
Event: 1021.954 Thread 0x000001cf6f66a000 nmethod 18516 0x000001cf58a46f90 code [0x000001cf58a47180, 0x000001cf58a477f8]

GC Heap History (20 events):
Event: 17.244 GC heap before
{Heap before GC invocations=16 (full 0):
 garbage-first heap   total 262144K, used 188949K [0x0000000080000000, 0x0000000100000000)
  region size 1024K, 116 young (118784K), 9 survivors (9216K)
 Metaspace       used 92345K, capacity 94564K, committed 94924K, reserved 1132544K
  class space    used 11797K, capacity 12629K, committed 12748K, reserved 1048576K
}
Event: 17.257 GC heap after
{Heap after GC invocations=17 (full 0):
 garbage-first heap   total 262144K, used 87711K [0x0000000080000000, 0x0000000100000000)
  region size 1024K, 12 young (12288K), 12 survivors (12288K)
 Metaspace       used 92345K, capacity 94564K, committed 94924K, reserved 1132544K
  class space    used 11797K, capacity 12629K, committed 12748K, reserved 1048576K
}
Event: 26.804 GC heap before
{Heap before GC invocations=17 (full 0):
 garbage-first heap   total 262144K, used 195231K [0x0000000080000000, 0x0000000100000000)
  region size 1024K, 118 young (120832K), 12 survivors (12288K)
 Metaspace       used 97854K, capacity 100280K, committed 100556K, reserved 1136640K
  class space    used 12556K, capacity 13459K, committed 13516K, reserved 1048576K
}
Event: 26.818 GC heap after
{Heap after GC invocations=18 (full 0):
 garbage-first heap   total 262144K, used 92977K [0x0000000080000000, 0x0000000100000000)
  region size 1024K, 12 young (12288K), 12 survivors (12288K)
 Metaspace       used 97854K, capacity 100280K, committed 100556K, reserved 1136640K
  class space    used 12556K, capacity 13459K, committed 13516K, reserved 1048576K
}
Event: 28.502 GC heap before
{Heap before GC invocations=18 (full 0):
 garbage-first heap   total 262144K, used 207665K [0x0000000080000000, 0x0000000100000000)
  region size 1024K, 119 young (121856K), 12 survivors (12288K)
 Metaspace       used 107837K, capacity 110536K, committed 110668K, reserved 1144832K
  class space    used 13821K, capacity 14797K, committed 14924K, reserved 1048576K
}
Event: 28.519 GC heap after
{Heap after GC invocations=19 (full 0):
 garbage-first heap   total 262144K, used 103708K [0x0000000080000000, 0x0000000100000000)
  region size 1024K, 14 young (14336K), 14 survivors (14336K)
 Metaspace       used 107837K, capacity 110536K, committed 110668K, reserved 1144832K
  class space    used 13821K, capacity 14797K, committed 14924K, reserved 1048576K
}
Event: 28.695 GC heap before
{Heap before GC invocations=19 (full 0):
 garbage-first heap   total 262144K, used 114972K [0x0000000080000000, 0x0000000100000000)
  region size 1024K, 26 young (26624K), 14 survivors (14336K)
 Metaspace       used 109862K, capacity 112638K, committed 112716K, reserved 1146880K
  class space    used 14132K, capacity 15149K, committed 15180K, reserved 1048576K
}
Event: 28.713 GC heap after
{Heap after GC invocations=20 (full 0):
 garbage-first heap   total 262144K, used 103319K [0x0000000080000000, 0x0000000100000000)
  region size 1024K, 3 young (3072K), 3 survivors (3072K)
 Metaspace       used 109862K, capacity 112638K, committed 112716K, reserved 1146880K
  class space    used 14132K, capacity 15149K, committed 15180K, reserved 1048576K
}
Event: 29.641 GC heap before
{Heap before GC invocations=21 (full 0):
 garbage-first heap   total 262144K, used 209815K [0x0000000080000000, 0x0000000100000000)
  region size 1024K, 108 young (110592K), 3 survivors (3072K)
 Metaspace       used 116977K, capacity 120224K, committed 120396K, reserved 1153024K
  class space    used 15206K, capacity 16428K, committed 16460K, reserved 1048576K
}
Event: 29.661 GC heap after
{Heap after GC invocations=22 (full 0):
 garbage-first heap   total 262144K, used 111356K [0x0000000080000000, 0x0000000100000000)
  region size 1024K, 11 young (11264K), 11 survivors (11264K)
 Metaspace       used 116977K, capacity 120224K, committed 120396K, reserved 1153024K
  class space    used 15206K, capacity 16428K, committed 16460K, reserved 1048576K
}
Event: 30.525 GC heap before
{Heap before GC invocations=23 (full 0):
 garbage-first heap   total 262144K, used 187132K [0x0000000080000000, 0x0000000100000000)
  region size 1024K, 70 young (71680K), 11 survivors (11264K)
 Metaspace       used 120086K, capacity 123448K, committed 123724K, reserved 1157120K
  class space    used 15675K, capacity 16930K, committed 16972K, reserved 1048576K
}
Event: 30.537 GC heap after
{Heap after GC invocations=24 (full 0):
 garbage-first heap   total 262144K, used 120743K [0x0000000080000000, 0x0000000100000000)
  region size 1024K, 4 young (4096K), 4 survivors (4096K)
 Metaspace       used 120086K, capacity 123448K, committed 123724K, reserved 1157120K
  class space    used 15675K, capacity 16930K, committed 16972K, reserved 1048576K
}
Event: 1015.797 GC heap before
{Heap before GC invocations=25 (full 0):
 garbage-first heap   total 262144K, used 200615K [0x0000000080000000, 0x0000000100000000)
  region size 1024K, 84 young (86016K), 4 survivors (4096K)
 Metaspace       used 121875K, capacity 125478K, committed 125772K, reserved 1157120K
  class space    used 15826K, capacity 17188K, committed 17228K, reserved 1048576K
}
Event: 1015.811 GC heap after
{Heap after GC invocations=26 (full 0):
 garbage-first heap   total 262144K, used 112862K [0x0000000080000000, 0x0000000100000000)
  region size 1024K, 7 young (7168K), 7 survivors (7168K)
 Metaspace       used 121875K, capacity 125478K, committed 125772K, reserved 1157120K
  class space    used 15826K, capacity 17188K, committed 17228K, reserved 1048576K
}
Event: 1016.267 GC heap before
{Heap before GC invocations=27 (full 0):
 garbage-first heap   total 262144K, used 182494K [0x0000000080000000, 0x0000000100000000)
  region size 1024K, 67 young (68608K), 7 survivors (7168K)
 Metaspace       used 121433K, capacity 124716K, committed 125772K, reserved 1157120K
  class space    used 15637K, capacity 16846K, committed 17228K, reserved 1048576K
}
Event: 1016.317 GC heap after
{Heap after GC invocations=28 (full 0):
 garbage-first heap   total 262144K, used 133565K [0x0000000080000000, 0x0000000100000000)
  region size 1024K, 14 young (14336K), 14 survivors (14336K)
 Metaspace       used 121433K, capacity 124716K, committed 125772K, reserved 1157120K
  class space    used 15637K, capacity 16846K, committed 17228K, reserved 1048576K
}
Event: 1017.624 GC heap before
{Heap before GC invocations=29 (full 0):
 garbage-first heap   total 262144K, used 208317K [0x0000000080000000, 0x0000000100000000)
  region size 1024K, 82 young (83968K), 14 survivors (14336K)
 Metaspace       used 121545K, capacity 124796K, committed 125772K, reserved 1157120K
  class space    used 15639K, capacity 16849K, committed 17228K, reserved 1048576K
}
Event: 1017.643 GC heap after
{Heap after GC invocations=30 (full 0):
 garbage-first heap   total 262144K, used 135710K [0x0000000080000000, 0x0000000100000000)
  region size 1024K, 6 young (6144K), 6 survivors (6144K)
 Metaspace       used 121545K, capacity 124796K, committed 125772K, reserved 1157120K
  class space    used 15639K, capacity 16849K, committed 17228K, reserved 1048576K
}
Event: 1021.229 GC heap before
{Heap before GC invocations=30 (full 0):
 garbage-first heap   total 262144K, used 180766K [0x0000000080000000, 0x0000000100000000)
  region size 1024K, 52 young (53248K), 6 survivors (6144K)
 Metaspace       used 121766K, capacity 124951K, committed 126028K, reserved 1159168K
  class space    used 15642K, capacity 16854K, committed 17228K, reserved 1048576K
}
Event: 1021.256 GC heap after
{Heap after GC invocations=31 (full 0):
 garbage-first heap   total 262144K, used 136771K [0x0000000080000000, 0x0000000100000000)
  region size 1024K, 7 young (7168K), 7 survivors (7168K)
 Metaspace       used 121766K, capacity 124951K, committed 126028K, reserved 1159168K
  class space    used 15642K, capacity 16854K, committed 17228K, reserved 1048576K
}

Deoptimization events (20 events):
Event: 1017.830 Thread 0x000001cf77ecc000 DEOPT PACKING pc=0x000001cf609287b0 sp=0x0000001944cfa150
Event: 1017.830 Thread 0x000001cf77ecc000 DEOPT UNPACKING pc=0x000001cf584478af sp=0x0000001944cfa128 mode 2
Event: 1020.979 Thread 0x000001cf734c3000 DEOPT PACKING pc=0x000001cf5a495c8e sp=0x00000019457fdf50
Event: 1020.979 Thread 0x000001cf734c3000 DEOPT UNPACKING pc=0x000001cf584476ce sp=0x00000019457fd400 mode 0
Event: 1021.133 Thread 0x000001cf77ecc000 Uncommon trap: trap_request=0xffffffbe fr.pc=0x000001cf5ff44bf8 relative=0x00000000000004b8
Event: 1021.133 Thread 0x000001cf77ecc000 Uncommon trap: reason=profile_predicate action=maybe_recompile pc=0x000001cf5ff44bf8 method=sun.nio.fs.WindowsPath.hashCode()I @ 19 c2
Event: 1021.133 Thread 0x000001cf77ecc000 DEOPT PACKING pc=0x000001cf5ff44bf8 sp=0x0000001944cf9230
Event: 1021.133 Thread 0x000001cf77ecc000 DEOPT UNPACKING pc=0x000001cf584478af sp=0x0000001944cf91c0 mode 2
Event: 1021.134 Thread 0x000001cf77ecc000 Uncommon trap: trap_request=0xffffffbe fr.pc=0x000001cf5ff44bf8 relative=0x00000000000004b8
Event: 1021.134 Thread 0x000001cf77ecc000 Uncommon trap: reason=profile_predicate action=maybe_recompile pc=0x000001cf5ff44bf8 method=sun.nio.fs.WindowsPath.hashCode()I @ 19 c2
Event: 1021.134 Thread 0x000001cf77ecc000 DEOPT PACKING pc=0x000001cf5ff44bf8 sp=0x0000001944cf9230
Event: 1021.134 Thread 0x000001cf77ecc000 DEOPT UNPACKING pc=0x000001cf584478af sp=0x0000001944cf91c0 mode 2
Event: 1021.135 Thread 0x000001cf77ecc000 Uncommon trap: trap_request=0xffffffbe fr.pc=0x000001cf5ff44bf8 relative=0x00000000000004b8
Event: 1021.135 Thread 0x000001cf77ecc000 Uncommon trap: reason=profile_predicate action=maybe_recompile pc=0x000001cf5ff44bf8 method=sun.nio.fs.WindowsPath.hashCode()I @ 19 c2
Event: 1021.135 Thread 0x000001cf77ecc000 DEOPT PACKING pc=0x000001cf5ff44bf8 sp=0x0000001944cf9230
Event: 1021.135 Thread 0x000001cf77ecc000 DEOPT UNPACKING pc=0x000001cf584478af sp=0x0000001944cf91c0 mode 2
Event: 1021.136 Thread 0x000001cf77ecc000 Uncommon trap: trap_request=0xffffffbe fr.pc=0x000001cf5ff44bf8 relative=0x00000000000004b8
Event: 1021.136 Thread 0x000001cf77ecc000 Uncommon trap: reason=profile_predicate action=maybe_recompile pc=0x000001cf5ff44bf8 method=sun.nio.fs.WindowsPath.hashCode()I @ 19 c2
Event: 1021.136 Thread 0x000001cf77ecc000 DEOPT PACKING pc=0x000001cf5ff44bf8 sp=0x0000001944cf9230
Event: 1021.136 Thread 0x000001cf77ecc000 DEOPT UNPACKING pc=0x000001cf584478af sp=0x0000001944cf91c0 mode 2

Classes redefined (0 events):
No events

Internal exceptions (20 events):
Event: 31.904 Thread 0x000001cf6fb95800 Implicit null exception at 0x000001cf602ead94 to 0x000001cf602eb368
Event: 319.109 Thread 0x000001cf72241800 Exception <a 'java/lang/NoSuchMethodError'{0x000000008f0adf80}: 'java.lang.Object java.lang.invoke.DirectMethodHandle$Holder.invokeSpecial(java.lang.Object, java.lang.Object, int, int, int, java.lang.Object, java.lang.Object, java.lang.Object)'> (0x000000008f0adf80) thrown at [./src/hotspot/share/interpreter/linkResolver.cpp, line 773]
Event: 319.109 Thread 0x000001cf72241800 Exception <a 'java/lang/NoSuchMethodError'{0x000000008f0b1810}: 'java.lang.Object java.lang.invoke.DelegatingMethodHandle$Holder.reinvoke_L(java.lang.Object, int, int, int, java.lang.Object, java.lang.Object, java.lang.Object)'> (0x000000008f0b1810) thrown at [./src/hotspot/share/interpreter/linkResolver.cpp, line 773]
Event: 319.110 Thread 0x000001cf72241800 Exception <a 'java/lang/NoSuchMethodError'{0x000000008f0b8c40}: 'java.lang.Object java.lang.invoke.DirectMethodHandle$Holder.invokeStatic(java.lang.Object, java.lang.Object, java.lang.Object, java.lang.Object, java.lang.Object, int)'> (0x000000008f0b8c40) thrown at [./src/hotspot/share/interpreter/linkResolver.cpp, line 773]
Event: 319.111 Thread 0x000001cf72241800 Exception <a 'java/lang/NoSuchMethodError'{0x000000008f0ce148}: 'java.lang.Object java.lang.invoke.DirectMethodHandle$Holder.invokeStatic(java.lang.Object, java.lang.Object, java.lang.Object, java.lang.Object, java.lang.Object, int, int)'> (0x000000008f0ce148) thrown at [./src/hotspot/share/interpreter/linkResolver.cpp, line 773]
Event: 1015.080 Thread 0x000001cf72244000 Implicit null exception at 0x000001cf6091520d to 0x000001cf6091c11c
Event: 1015.342 Thread 0x000001cf72244000 Exception <a 'sun/nio/fs/WindowsException'{0x000000008cb214e8}> (0x000000008cb214e8) thrown at [./src/hotspot/share/prims/jni.cpp, line 615]
Event: 1015.450 Thread 0x000001cf72244000 Implicit null exception at 0x000001cf6096a551 to 0x000001cf6096ae2c
Event: 1015.451 Thread 0x000001cf72244000 Implicit null exception at 0x000001cf6095b4d2 to 0x000001cf6095b8d8
Event: 1015.498 Thread 0x000001cf72244000 Exception <a 'sun/nio/fs/WindowsException'{0x000000008bd4f7e8}> (0x000000008bd4f7e8) thrown at [./src/hotspot/share/prims/jni.cpp, line 615]
Event: 1015.506 Thread 0x000001cf72244000 Exception <a 'sun/nio/fs/WindowsException'{0x000000008bdf3348}> (0x000000008bdf3348) thrown at [./src/hotspot/share/prims/jni.cpp, line 615]
Event: 1015.506 Thread 0x000001cf72244000 Exception <a 'sun/nio/fs/WindowsException'{0x000000008bdf4458}> (0x000000008bdf4458) thrown at [./src/hotspot/share/prims/jni.cpp, line 615]
Event: 1015.506 Thread 0x000001cf72244000 Exception <a 'sun/nio/fs/WindowsException'{0x000000008bdf55b8}> (0x000000008bdf55b8) thrown at [./src/hotspot/share/prims/jni.cpp, line 615]
Event: 1015.506 Thread 0x000001cf72244000 Exception <a 'sun/nio/fs/WindowsException'{0x000000008bdf6718}> (0x000000008bdf6718) thrown at [./src/hotspot/share/prims/jni.cpp, line 615]
Event: 1017.540 Thread 0x000001cf732ca000 Exception <a 'sun/nio/fs/WindowsException'{0x000000008d29c650}> (0x000000008d29c650) thrown at [./src/hotspot/share/prims/jni.cpp, line 615]
Event: 1017.541 Thread 0x000001cf732ca000 Exception <a 'sun/nio/fs/WindowsException'{0x000000008d29c738}> (0x000000008d29c738) thrown at [./src/hotspot/share/prims/jni.cpp, line 615]
Event: 1017.840 Thread 0x000001cf732d0800 Exception <a 'java/lang/InterruptedException'{0x000000008f355d60}> (0x000000008f355d60) thrown at [./src/hotspot/share/runtime/objectMonitor.cpp, line 1635]
Event: 1021.208 Thread 0x000001cf77ecc000 Exception <a 'sun/nio/fs/WindowsException'{0x000000008d34eb80}> (0x000000008d34eb80) thrown at [./src/hotspot/share/prims/jni.cpp, line 615]
Event: 1021.226 Thread 0x000001cf77ecc000 Exception <a 'sun/nio/fs/WindowsException'{0x000000008d207550}> (0x000000008d207550) thrown at [./src/hotspot/share/prims/jni.cpp, line 615]
Event: 1021.226 Thread 0x000001cf77ecc000 Exception <a 'sun/nio/fs/WindowsException'{0x000000008d207658}> (0x000000008d207658) thrown at [./src/hotspot/share/prims/jni.cpp, line 615]

Events (20 events):
Event: 1021.005 loading class org/gradle/internal/snapshot/FileSystemSnapshot done
Event: 1021.005 loading class org/gradle/internal/snapshot/FileSystemSnapshot
Event: 1021.005 loading class org/gradle/internal/snapshot/FileSystemSnapshot done
Event: 1021.103 Executing VM operation: ICBufferFull
Event: 1021.103 Executing VM operation: ICBufferFull done
Event: 1021.229 Executing VM operation: G1CollectForAllocation
Event: 1021.256 Executing VM operation: G1CollectForAllocation done
Event: 1021.256 Executing VM operation: RevokeBias
Event: 1021.256 Executing VM operation: RevokeBias done
Event: 1021.260 Executing VM operation: RevokeBias
Event: 1021.261 Executing VM operation: RevokeBias done
Event: 1021.261 Executing VM operation: RevokeBias
Event: 1021.261 Executing VM operation: RevokeBias done
Event: 1021.263 Executing VM operation: RevokeBias
Event: 1021.264 Executing VM operation: RevokeBias done
Event: 1021.264 Thread 0x000001cf732d0800 Thread exited: 0x000001cf732d0800
Event: 1021.437 Executing VM operation: CGC_Operation
Event: 1021.456 Executing VM operation: CGC_Operation done
Event: 1021.549 Executing VM operation: CGC_Operation
Event: 1021.550 Executing VM operation: CGC_Operation done


Dynamic libraries:
0x00007ff7f1ac0000 - 0x00007ff7f1aca000 	C:\Program Files\Android\Android Studio\jre\bin\java.exe
0x00007ffa13550000 - 0x00007ffa13745000 	C:\Windows\SYSTEM32\ntdll.dll
0x00007ffa11730000 - 0x00007ffa117ed000 	C:\Windows\System32\KERNEL32.DLL
0x00007ffa10ea0000 - 0x00007ffa11169000 	C:\Windows\System32\KERNELBASE.dll
0x00007ffa10da0000 - 0x00007ffa10ea0000 	C:\Windows\System32\ucrtbase.dll
0x00007ffa04da0000 - 0x00007ffa04db9000 	C:\Program Files\Android\Android Studio\jre\bin\jli.dll
0x00007ffa04af0000 - 0x00007ffa04b07000 	C:\Program Files\Android\Android Studio\jre\bin\VCRUNTIME140.dll
0x00007ffa119a0000 - 0x00007ffa11b40000 	C:\Windows\System32\USER32.dll
0x00007ffa10d70000 - 0x00007ffa10d92000 	C:\Windows\System32\win32u.dll
0x00007ff9fa810000 - 0x00007ff9faaaa000 	C:\Windows\WinSxS\amd64_microsoft.windows.common-controls_6595b64144ccf1df_6.0.19041.1110_none_60b5254171f9507e\COMCTL32.dll
0x00007ffa12bd0000 - 0x00007ffa12bfa000 	C:\Windows\System32\GDI32.dll
0x00007ffa11e50000 - 0x00007ffa11eee000 	C:\Windows\System32\msvcrt.dll
0x00007ffa112c0000 - 0x00007ffa113cb000 	C:\Windows\System32\gdi32full.dll
0x00007ffa11220000 - 0x00007ffa112bd000 	C:\Windows\System32\msvcp_win.dll
0x00007ffa11c30000 - 0x00007ffa11c60000 	C:\Windows\System32\IMM32.DLL
0x00007ff9fe720000 - 0x00007ff9fe7bd000 	C:\Program Files\Android\Android Studio\jre\bin\msvcp140.dll
0x00007ff9caac0000 - 0x00007ff9cb58f000 	C:\Program Files\Android\Android Studio\jre\bin\server\jvm.dll
0x00007ffa129c0000 - 0x00007ffa12a6c000 	C:\Windows\System32\ADVAPI32.dll
0x00007ffa11d30000 - 0x00007ffa11dcb000 	C:\Windows\System32\sechost.dll
0x00007ffa126e0000 - 0x00007ffa1280a000 	C:\Windows\System32\RPCRT4.dll
0x00007ffa11d20000 - 0x00007ffa11d28000 	C:\Windows\System32\PSAPI.DLL
0x00007ff9fa580000 - 0x00007ff9fa5a7000 	C:\Windows\SYSTEM32\WINMM.dll
0x00007ff9f8150000 - 0x00007ff9f8159000 	C:\Windows\SYSTEM32\WSOCK32.dll
0x00007ffa07d50000 - 0x00007ffa07d5a000 	C:\Windows\SYSTEM32\VERSION.dll
0x00007ffa117f0000 - 0x00007ffa1185b000 	C:\Windows\System32\WS2_32.dll
0x00007ffa0f510000 - 0x00007ffa0f522000 	C:\Windows\SYSTEM32\kernel.appcore.dll
0x00007ffa0a980000 - 0x00007ffa0a991000 	C:\Program Files\Android\Android Studio\jre\bin\verify.dll
0x00007ffa0f210000 - 0x00007ffa0f3f4000 	C:\Windows\SYSTEM32\DBGHELP.DLL
0x00007ff9f6650000 - 0x00007ff9f667c000 	C:\Windows\SYSTEM32\dbgcore.DLL
0x00007ffa10ce0000 - 0x00007ffa10d63000 	C:\Windows\System32\bcryptPrimitives.dll
0x00007ffa06b20000 - 0x00007ffa06b49000 	C:\Program Files\Android\Android Studio\jre\bin\java.dll
0x00007ffa0a970000 - 0x00007ffa0a97b000 	C:\Program Files\Android\Android Studio\jre\bin\jimage.dll
0x00007ff9fe610000 - 0x00007ff9fe628000 	C:\Program Files\Android\Android Studio\jre\bin\zip.dll
0x00007ffa11fa0000 - 0x00007ffa126df000 	C:\Windows\System32\SHELL32.dll
0x00007ffa0ea80000 - 0x00007ffa0f210000 	C:\Windows\SYSTEM32\windows.storage.dll
0x00007ffa12c60000 - 0x00007ffa12fb5000 	C:\Windows\System32\combase.dll
0x00007ffa10660000 - 0x00007ffa1068c000 	C:\Windows\SYSTEM32\Wldp.dll
0x00007ffa11ef0000 - 0x00007ffa11f9e000 	C:\Windows\System32\SHCORE.dll
0x00007ffa11b40000 - 0x00007ffa11b95000 	C:\Windows\System32\shlwapi.dll
0x00007ffa10bc0000 - 0x00007ffa10bdf000 	C:\Windows\SYSTEM32\profapi.dll
0x00007ff9fe430000 - 0x00007ff9fe44a000 	C:\Program Files\Android\Android Studio\jre\bin\net.dll
0x00007ffa07bf0000 - 0x00007ffa07cf8000 	C:\Windows\SYSTEM32\WINHTTP.dll
0x00007ffa10370000 - 0x00007ffa103da000 	C:\Windows\system32\mswsock.dll
0x00007ff9fe410000 - 0x00007ff9fe424000 	C:\Program Files\Android\Android Studio\jre\bin\nio.dll
0x00007ff9f9330000 - 0x00007ff9f9357000 	C:\Users\Vinicius Almeida\.gradle\native\8bec1ad78214c89d9ad589b4d07fe93259594b29d510b10fafb7a158f7737e5d\windows-amd64\native-platform.dll
0x00007ff9cfa00000 - 0x00007ff9cfb3d000 	C:\Users\Vinicius Almeida\.gradle\native\53dbd7edfb1c66fb8903c78663c9afc45aea4f116125fa6feffd364cf09443e8\windows-amd64\native-platform-file-events.dll
0x00007ffa04690000 - 0x00007ffa0469a000 	C:\Program Files\Android\Android Studio\jre\bin\management.dll
0x00007ff9fe690000 - 0x00007ff9fe69c000 	C:\Program Files\Android\Android Studio\jre\bin\management_ext.dll
0x00007ffa105c0000 - 0x00007ffa105d8000 	C:\Windows\SYSTEM32\CRYPTSP.dll
0x00007ffa0fcf0000 - 0x00007ffa0fd24000 	C:\Windows\system32\rsaenh.dll
0x00007ffa11580000 - 0x00007ffa115a7000 	C:\Windows\System32\bcrypt.dll
0x00007ffa10b40000 - 0x00007ffa10b6e000 	C:\Windows\SYSTEM32\USERENV.dll
0x00007ffa109e0000 - 0x00007ffa109ec000 	C:\Windows\SYSTEM32\CRYPTBASE.dll
0x00007ffa10060000 - 0x00007ffa1009b000 	C:\Windows\SYSTEM32\IPHLPAPI.DLL
0x00007ffa11860000 - 0x00007ffa11868000 	C:\Windows\System32\NSI.dll
0x00007ffa06ab0000 - 0x00007ffa06ac7000 	C:\Windows\SYSTEM32\dhcpcsvc6.DLL
0x00007ffa036c0000 - 0x00007ffa036dd000 	C:\Windows\SYSTEM32\dhcpcsvc.DLL
0x00007ffa100a0000 - 0x00007ffa1016c000 	C:\Windows\SYSTEM32\DNSAPI.dll
0x00007ff9fd570000 - 0x00007ff9fd58e000 	C:\Users\Vinicius Almeida\AppData\Local\Temp\native-platform12150377833746193153dir\native-platform.dll
0x00007ff9fe450000 - 0x00007ff9fe458000 	C:\Program Files\Android\Android Studio\jre\bin\rmi.dll

dbghelp: loaded successfully - version: 4.0.5 - missing functions: none
symbol engine: initialized successfully - sym options: 0x614 - pdb path: .;C:\Program Files\Android\Android Studio\jre\bin;C:\Windows\SYSTEM32;C:\Windows\WinSxS\amd64_microsoft.windows.common-controls_6595b64144ccf1df_6.0.19041.1110_none_60b5254171f9507e;C:\Program Files\Android\Android Studio\jre\bin\server;C:\Users\Vinicius Almeida\.gradle\native\8bec1ad78214c89d9ad589b4d07fe93259594b29d510b10fafb7a158f7737e5d\windows-amd64;C:\Users\Vinicius Almeida\.gradle\native\53dbd7edfb1c66fb8903c78663c9afc45aea4f116125fa6feffd364cf09443e8\windows-amd64;C:\Users\Vinicius Almeida\AppData\Local\Temp\native-platform12150377833746193153dir

VM Arguments:
jvm_args: --add-opens=java.base/java.util=ALL-UNNAMED --add-opens=java.base/java.lang=ALL-UNNAMED --add-opens=java.base/java.lang.invoke=ALL-UNNAMED --add-opens=java.base/java.util=ALL-UNNAMED --add-opens=java.prefs/java.util.prefs=ALL-UNNAMED --add-opens=java.prefs/java.util.prefs=ALL-UNNAMED --add-opens=java.base/java.nio.charset=ALL-UNNAMED --add-opens=java.base/java.net=ALL-UNNAMED --add-opens=java.base/java.util.concurrent.atomic=ALL-UNNAMED -Xmx2048m -Dfile.encoding=UTF-8 -Duser.country=BR -Duser.language=pt -Duser.variant 
java_command: org.gradle.launcher.daemon.bootstrap.GradleDaemon 7.0.2
java_class_path (initial): C:\Users\Vinicius Almeida\.gradle\wrapper\dists\gradle-7.0.2-bin\857tjihv64xamwrf0h14cai3r\gradle-7.0.2\lib\gradle-launcher-7.0.2.jar
Launcher Type: SUN_STANDARD

[Global flags]
     intx CICompilerCount                          = 4                                         {product} {ergonomic}
     uint ConcGCThreads                            = 2                                         {product} {ergonomic}
     uint G1ConcRefinementThreads                  = 8                                         {product} {ergonomic}
   size_t G1HeapRegionSize                         = 1048576                                   {product} {ergonomic}
    uintx GCDrainStackTargetSize                   = 64                                        {product} {ergonomic}
   size_t InitialHeapSize                          = 268435456                                 {product} {ergonomic}
   size_t MarkStackSize                            = 4194304                                   {product} {ergonomic}
   size_t MaxHeapSize                              = 2147483648                                {product} {command line}
   size_t MaxNewSize                               = 1287651328                                {product} {ergonomic}
   size_t MinHeapDeltaBytes                        = 1048576                                   {product} {ergonomic}
    uintx NonNMethodCodeHeapSize                   = 5836300                                {pd product} {ergonomic}
    uintx NonProfiledCodeHeapSize                  = 122910970                              {pd product} {ergonomic}
    uintx ProfiledCodeHeapSize                     = 122910970                              {pd product} {ergonomic}
    uintx ReservedCodeCacheSize                    = 251658240                              {pd product} {ergonomic}
     bool SegmentedCodeCache                       = true                                      {product} {ergonomic}
     bool UseCompressedClassPointers               = true                                 {lp64_product} {ergonomic}
     bool UseCompressedOops                        = true                                 {lp64_product} {ergonomic}
     bool UseG1GC                                  = true                                      {product} {ergonomic}
     bool UseLargePagesIndividualAllocation        = false                                  {pd product} {ergonomic}

Logging:
Log output configuration:
 #0: stdout all=warning uptime,level,tags
 #1: stderr all=off uptime,level,tags

Environment Variables:
JAVA_HOME=C:\Program Files\Android\Android Studio\jre
PATH=C:\Program Files\Common Files\Oracle\Java\javapath;C:\Program Files (x86)\VMware\VMware Player\bin\;C:\Program Files (x86)\NVIDIA Corporation\PhysX\Common;C:\Windows\system32;C:\Windows;C:\Windows\System32\Wbem;C:\Windows\System32\WindowsPowerShell\v1.0\;C:\Windows\System32\OpenSSH\;C:\Program Files (x86)\Intel\Intel(R) Management Engine Components\DAL;C:\Program Files\Intel\Intel(R) Management Engine Components\DAL;C:\Program Files (x86)\Windows Kits\8.1\Windows Performance Toolkit\;C:\Program Files\Git\cmd;C:\Program Files\Android\Android Studio\jre\bin;C:\Program Files\platform-tools;C:\Users\Vinicius Almeida\AppData\Local\Microsoft\WindowsApps;C:\Users\Vinicius Almeida\AppData\Local\Programs\Microsoft VS Code\bin;C:\Program Files\JetBrains\IntelliJ IDEA Community Edition 2020.3.3\bin;;C:\Maven\bin;C:\Gradle\bin;
USERNAME=Vinicius Almeida
OS=Windows_NT
PROCESSOR_IDENTIFIER=Intel64 Family 6 Model 142 Stepping 10, GenuineIntel



---------------  S Y S T E M  ---------------

OS: Windows 10 , 64 bit Build 19041 (10.0.19041.1151)
OS uptime: 4 days 6:28 hours

CPU:total 8 (initial active 8) (4 cores per cpu, 2 threads per core) family 6 model 142 stepping 10 microcode 0xea, cmov, cx8, fxsr, mmx, sse, sse2, sse3, ssse3, sse4.1, sse4.2, popcnt, avx, avx2, aes, clmul, erms, 3dnowpref, lzcnt, ht, tsc, tscinvbit, bmi1, bmi2, adx, fma

Memory: 4k page, system-wide physical 16264M (1119M free)
TotalPageFile size 16264M (AvailPageFile size 0M)
current process WorkingSet (physical memory assigned to process): 598M, peak: 605M
current process commit charge ("private bytes"): 640M, peak: 645M

vm_info: OpenJDK 64-Bit Server VM (11.0.10+0-b96-7249189) for windows-amd64 JRE (11.0.10+0-b96-7249189), built on Mar 31 2021 21:44:00 by "builder" with MS VC++ 14.0 (VS2015)

END.
